[INFO ] 2017-11-17 10:00:38,526 com.webtest.util.Log - 
[INFO ] 2017-11-17 10:08:49,845 com.webtest.util.Log - 
[INFO ] 2017-11-17 10:12:02,657 com.webtest.util.Log - Using Firefox
[INFO ] 2017-11-17 10:12:02,662 com.webtest.util.Log - firefox
[INFO ] 2017-11-17 10:12:02,925 com.webtest.util.Log - org.openqa.selenium.NoSuchElementException: Unable to locate element: 킬퐒
For documentation on this error, please visit: http://seleniumhq.org/exceptions/no_such_element.html
Build info: version: '3.6.0', revision: '6fbf3ec767', time: '2017-09-27T16:15:40.131Z'
System info: host: 'DESKTOP-RVOGGDU', ip: '192.168.152.1', os.name: 'Windows 10', os.arch: 'amd64', os.version: '10.0', java.version: '1.8.0_121'
Driver info: org.openqa.selenium.firefox.FirefoxDriver
Capabilities [{moz:profile=C:\WINDOWS\TEMP\rust_mozprofile.CfwbRUv8P6Df, rotatable=false, timeouts={implicit=0, pageLoad=300000, script=30000}, pageLoadStrategy=normal, platform=XP, specificationLevel=0, moz:accessibilityChecks=false, acceptInsecureCerts=true, browserVersion=55.0.3, platformVersion=10.0, moz:processID=16584, browserName=firefox, javascriptEnabled=true, platformName=XP}]
Session ID: a7edb46f-adcc-43c5-b860-982a71e7e59f
*** Element info: {Using=link text, value=킬퐒}
[INFO ] 2017-11-17 10:16:46,578 com.webtest.util.Log - Using Firefox
[INFO ] 2017-11-17 10:16:46,586 com.webtest.util.Log - firefox
[INFO ] 2017-11-17 10:16:46,856 com.webtest.util.Log - org.openqa.selenium.NoSuchElementException: Unable to locate element: 킬퐒
For documentation on this error, please visit: http://seleniumhq.org/exceptions/no_such_element.html
Build info: version: '3.6.0', revision: '6fbf3ec767', time: '2017-09-27T16:15:40.131Z'
System info: host: 'DESKTOP-RVOGGDU', ip: '192.168.152.1', os.name: 'Windows 10', os.arch: 'amd64', os.version: '10.0', java.version: '1.8.0_121'
Driver info: org.openqa.selenium.firefox.FirefoxDriver
Capabilities [{moz:profile=C:\WINDOWS\TEMP\rust_mozprofile.ROQfTdESbSqf, rotatable=false, timeouts={implicit=0, pageLoad=300000, script=30000}, pageLoadStrategy=normal, platform=XP, specificationLevel=0, moz:accessibilityChecks=false, acceptInsecureCerts=true, browserVersion=55.0.3, platformVersion=10.0, moz:processID=10864, browserName=firefox, javascriptEnabled=true, platformName=XP}]
Session ID: 39b71f34-a160-4e84-885e-8f1d25c3c17e
*** Element info: {Using=link text, value=킬퐒}
[INFO ] 2017-11-17 14:32:08,678 com.webtest.util.Log - Using Firefox
[INFO ] 2017-11-17 14:32:08,693 com.webtest.util.Log - firefox
[INFO ] 2017-11-17 14:32:08,841 com.webtest.util.Log - org.openqa.selenium.NoSuchElementException: Unable to locate element: 킬퐒
For documentation on this error, please visit: http://seleniumhq.org/exceptions/no_such_element.html
Build info: version: '3.6.0', revision: '6fbf3ec767', time: '2017-09-27T16:15:40.131Z'
System info: host: 'DESKTOP-RVOGGDU', ip: '192.168.152.1', os.name: 'Windows 10', os.arch: 'amd64', os.version: '10.0', java.version: '1.8.0_121'
Driver info: org.openqa.selenium.firefox.FirefoxDriver
Capabilities [{moz:profile=C:\WINDOWS\TEMP\rust_mozprofile.pfbGfOlb2y7D, rotatable=false, timeouts={implicit=0, pageLoad=300000, script=30000}, pageLoadStrategy=normal, platform=XP, specificationLevel=0, moz:accessibilityChecks=false, acceptInsecureCerts=true, browserVersion=55.0.3, platformVersion=10.0, moz:processID=13320, browserName=firefox, javascriptEnabled=true, platformName=XP}]
Session ID: 07dfbb2f-4767-4191-bbf2-aaa492c7b854
*** Element info: {Using=link text, value=킬퐒}
[INFO ] 2017-11-17 14:32:12,879 com.webtest.util.Log - Opened url http://127.0.0.1/ranzhi/sys/user-login.html
[INFO ] 2017-11-17 14:32:12,904 com.webtest.util.Log - org.openqa.selenium.NoSuchElementException: Unable to locate element: *[name='username']
For documentation on this error, please visit: http://seleniumhq.org/exceptions/no_such_element.html
Build info: version: '3.6.0', revision: '6fbf3ec767', time: '2017-09-27T16:15:40.131Z'
System info: host: 'DESKTOP-RVOGGDU', ip: '192.168.152.1', os.name: 'Windows 10', os.arch: 'amd64', os.version: '10.0', java.version: '1.8.0_121'
Driver info: org.openqa.selenium.firefox.FirefoxDriver
Capabilities [{moz:profile=C:\WINDOWS\TEMP\rust_mozprofile.pfbGfOlb2y7D, rotatable=false, timeouts={implicit=0, pageLoad=300000, script=30000}, pageLoadStrategy=normal, platform=XP, specificationLevel=0, moz:accessibilityChecks=false, acceptInsecureCerts=true, browserVersion=55.0.3, platformVersion=10.0, moz:processID=13320, browserName=firefox, javascriptEnabled=true, platformName=XP}]
Session ID: 07dfbb2f-4767-4191-bbf2-aaa492c7b854
*** Element info: {Using=name, value=username}
[INFO ] 2017-11-17 14:32:13,030 com.webtest.util.Log - org.openqa.selenium.NoSuchElementException: Unable to locate element: .//*[@id='login_content']/div[1]/form/div/input
For documentation on this error, please visit: http://seleniumhq.org/exceptions/no_such_element.html
Build info: version: '3.6.0', revision: '6fbf3ec767', time: '2017-09-27T16:15:40.131Z'
System info: host: 'DESKTOP-RVOGGDU', ip: '192.168.152.1', os.name: 'Windows 10', os.arch: 'amd64', os.version: '10.0', java.version: '1.8.0_121'
Driver info: org.openqa.selenium.firefox.FirefoxDriver
Capabilities [{moz:profile=C:\WINDOWS\TEMP\rust_mozprofile.pfbGfOlb2y7D, rotatable=false, timeouts={implicit=0, pageLoad=300000, script=30000}, pageLoadStrategy=normal, platform=XP, specificationLevel=0, moz:accessibilityChecks=false, acceptInsecureCerts=true, browserVersion=55.0.3, platformVersion=10.0, moz:processID=13320, browserName=firefox, javascriptEnabled=true, platformName=XP}]
Session ID: 07dfbb2f-4767-4191-bbf2-aaa492c7b854
*** Element info: {Using=xpath, value=.//*[@id='login_content']/div[1]/form/div/input}
[INFO ] 2017-11-17 14:32:16,694 com.webtest.util.Log - Opened url http://127.0.0.1/ranzhi/sys/user-login.html
[INFO ] 2017-11-17 14:32:16,715 com.webtest.util.Log - org.openqa.selenium.NoSuchElementException: Unable to locate element: *[name='username']
For documentation on this error, please visit: http://seleniumhq.org/exceptions/no_such_element.html
Build info: version: '3.6.0', revision: '6fbf3ec767', time: '2017-09-27T16:15:40.131Z'
System info: host: 'DESKTOP-RVOGGDU', ip: '192.168.152.1', os.name: 'Windows 10', os.arch: 'amd64', os.version: '10.0', java.version: '1.8.0_121'
Driver info: org.openqa.selenium.firefox.FirefoxDriver
Capabilities [{moz:profile=C:\WINDOWS\TEMP\rust_mozprofile.pfbGfOlb2y7D, rotatable=false, timeouts={implicit=0, pageLoad=300000, script=30000}, pageLoadStrategy=normal, platform=XP, specificationLevel=0, moz:accessibilityChecks=false, acceptInsecureCerts=true, browserVersion=55.0.3, platformVersion=10.0, moz:processID=13320, browserName=firefox, javascriptEnabled=true, platformName=XP}]
Session ID: 07dfbb2f-4767-4191-bbf2-aaa492c7b854
*** Element info: {Using=name, value=username}
[INFO ] 2017-11-17 14:32:16,823 com.webtest.util.Log - org.openqa.selenium.NoSuchElementException: Unable to locate element: .//*[@id='login_content']/div[1]/form/div/input
For documentation on this error, please visit: http://seleniumhq.org/exceptions/no_such_element.html
Build info: version: '3.6.0', revision: '6fbf3ec767', time: '2017-09-27T16:15:40.131Z'
System info: host: 'DESKTOP-RVOGGDU', ip: '192.168.152.1', os.name: 'Windows 10', os.arch: 'amd64', os.version: '10.0', java.version: '1.8.0_121'
Driver info: org.openqa.selenium.firefox.FirefoxDriver
Capabilities [{moz:profile=C:\WINDOWS\TEMP\rust_mozprofile.pfbGfOlb2y7D, rotatable=false, timeouts={implicit=0, pageLoad=300000, script=30000}, pageLoadStrategy=normal, platform=XP, specificationLevel=0, moz:accessibilityChecks=false, acceptInsecureCerts=true, browserVersion=55.0.3, platformVersion=10.0, moz:processID=13320, browserName=firefox, javascriptEnabled=true, platformName=XP}]
Session ID: 07dfbb2f-4767-4191-bbf2-aaa492c7b854
*** Element info: {Using=xpath, value=.//*[@id='login_content']/div[1]/form/div/input}
[INFO ] 2017-11-17 14:33:07,542 com.webtest.util.Log - Using Firefox
[INFO ] 2017-11-17 14:33:07,546 com.webtest.util.Log - firefox
[INFO ] 2017-11-17 14:33:07,655 com.webtest.util.Log - org.openqa.selenium.NoSuchElementException: Unable to locate element: 킬퐒
For documentation on this error, please visit: http://seleniumhq.org/exceptions/no_such_element.html
Build info: version: '3.6.0', revision: '6fbf3ec767', time: '2017-09-27T16:15:40.131Z'
System info: host: 'DESKTOP-RVOGGDU', ip: '192.168.152.1', os.name: 'Windows 10', os.arch: 'amd64', os.version: '10.0', java.version: '1.8.0_121'
Driver info: org.openqa.selenium.firefox.FirefoxDriver
Capabilities [{moz:profile=C:\WINDOWS\TEMP\rust_mozprofile.PfJ4dqak0frW, rotatable=false, timeouts={implicit=0, pageLoad=300000, script=30000}, pageLoadStrategy=normal, platform=XP, specificationLevel=0, moz:accessibilityChecks=false, acceptInsecureCerts=true, browserVersion=55.0.3, platformVersion=10.0, moz:processID=13404, browserName=firefox, javascriptEnabled=true, platformName=XP}]
Session ID: 8fddff2e-2fd1-4e7b-821b-b521119a1ddb
*** Element info: {Using=link text, value=킬퐒}
[INFO ] 2017-11-17 14:33:11,607 com.webtest.util.Log - Opened url http://127.0.0.1/ranzhi/sys/user-login.html
[INFO ] 2017-11-17 14:33:11,756 com.webtest.util.Log - org.openqa.selenium.NoSuchElementException: Unable to locate element: .//*[@id='login_content']/div[1]/form/div/input
For documentation on this error, please visit: http://seleniumhq.org/exceptions/no_such_element.html
Build info: version: '3.6.0', revision: '6fbf3ec767', time: '2017-09-27T16:15:40.131Z'
System info: host: 'DESKTOP-RVOGGDU', ip: '192.168.152.1', os.name: 'Windows 10', os.arch: 'amd64', os.version: '10.0', java.version: '1.8.0_121'
Driver info: org.openqa.selenium.firefox.FirefoxDriver
Capabilities [{moz:profile=C:\WINDOWS\TEMP\rust_mozprofile.PfJ4dqak0frW, rotatable=false, timeouts={implicit=0, pageLoad=300000, script=30000}, pageLoadStrategy=normal, platform=XP, specificationLevel=0, moz:accessibilityChecks=false, acceptInsecureCerts=true, browserVersion=55.0.3, platformVersion=10.0, moz:processID=13404, browserName=firefox, javascriptEnabled=true, platformName=XP}]
Session ID: 8fddff2e-2fd1-4e7b-821b-b521119a1ddb
*** Element info: {Using=xpath, value=.//*[@id='login_content']/div[1]/form/div/input}
[INFO ] 2017-11-17 14:33:15,240 com.webtest.util.Log - Opened url http://127.0.0.1/ranzhi/sys/user-login.html
[INFO ] 2017-11-17 14:33:15,400 com.webtest.util.Log - org.openqa.selenium.NoSuchElementException: Unable to locate element: .//*[@id='login_content']/div[1]/form/div/input
For documentation on this error, please visit: http://seleniumhq.org/exceptions/no_such_element.html
Build info: version: '3.6.0', revision: '6fbf3ec767', time: '2017-09-27T16:15:40.131Z'
System info: host: 'DESKTOP-RVOGGDU', ip: '192.168.152.1', os.name: 'Windows 10', os.arch: 'amd64', os.version: '10.0', java.version: '1.8.0_121'
Driver info: org.openqa.selenium.firefox.FirefoxDriver
Capabilities [{moz:profile=C:\WINDOWS\TEMP\rust_mozprofile.PfJ4dqak0frW, rotatable=false, timeouts={implicit=0, pageLoad=300000, script=30000}, pageLoadStrategy=normal, platform=XP, specificationLevel=0, moz:accessibilityChecks=false, acceptInsecureCerts=true, browserVersion=55.0.3, platformVersion=10.0, moz:processID=13404, browserName=firefox, javascriptEnabled=true, platformName=XP}]
Session ID: 8fddff2e-2fd1-4e7b-821b-b521119a1ddb
*** Element info: {Using=xpath, value=.//*[@id='login_content']/div[1]/form/div/input}
[INFO ] 2017-11-17 14:34:33,888 com.webtest.util.Log - Using Firefox
[INFO ] 2017-11-17 14:34:33,892 com.webtest.util.Log - firefox
[INFO ] 2017-11-17 14:34:34,104 com.webtest.util.Log - org.openqa.selenium.NoSuchElementException: Unable to locate element: 킬퐒
For documentation on this error, please visit: http://seleniumhq.org/exceptions/no_such_element.html
Build info: version: '3.6.0', revision: '6fbf3ec767', time: '2017-09-27T16:15:40.131Z'
System info: host: 'DESKTOP-RVOGGDU', ip: '192.168.152.1', os.name: 'Windows 10', os.arch: 'amd64', os.version: '10.0', java.version: '1.8.0_121'
Driver info: org.openqa.selenium.firefox.FirefoxDriver
Capabilities [{moz:profile=C:\WINDOWS\TEMP\rust_mozprofile.Es5s5gKdb9vz, rotatable=false, timeouts={implicit=0, pageLoad=300000, script=30000}, pageLoadStrategy=normal, platform=XP, specificationLevel=0, moz:accessibilityChecks=false, acceptInsecureCerts=true, browserVersion=55.0.3, platformVersion=10.0, moz:processID=12996, browserName=firefox, javascriptEnabled=true, platformName=XP}]
Session ID: 7c2e74e8-305f-4a12-8a6f-b9e578fa8f8f
*** Element info: {Using=link text, value=킬퐒}
[INFO ] 2017-11-17 14:34:37,919 com.webtest.util.Log - Opened url http://127.0.0.1/ranzhi/sys/user-login.html
[INFO ] 2017-11-17 14:34:43,037 com.webtest.util.Log - Opened url http://127.0.0.1/ranzhi/sys/user-login.html
[INFO ] 2017-11-17 15:44:58,915 com.webtest.util.Log - Using Firefox
[INFO ] 2017-11-17 15:44:58,931 com.webtest.util.Log - firefox
[INFO ] 2017-11-17 15:44:59,339 com.webtest.util.Log - org.openqa.selenium.NoSuchElementException: Unable to locate element: 킬퐒
For documentation on this error, please visit: http://seleniumhq.org/exceptions/no_such_element.html
Build info: version: '3.6.0', revision: '6fbf3ec767', time: '2017-09-27T16:15:40.131Z'
System info: host: 'DESKTOP-RVOGGDU', ip: '192.168.152.1', os.name: 'Windows 10', os.arch: 'amd64', os.version: '10.0', java.version: '1.8.0_121'
Driver info: org.openqa.selenium.firefox.FirefoxDriver
Capabilities [{moz:profile=C:\WINDOWS\TEMP\rust_mozprofile.Wwi1Er3RvhAR, rotatable=false, timeouts={implicit=0, pageLoad=300000, script=30000}, pageLoadStrategy=normal, platform=XP, specificationLevel=0, moz:accessibilityChecks=false, acceptInsecureCerts=true, browserVersion=55.0.3, platformVersion=10.0, moz:processID=12820, browserName=firefox, javascriptEnabled=true, platformName=XP}]
Session ID: 031fadbe-e2bc-478c-a669-2f9546511b43
*** Element info: {Using=link text, value=킬퐒}
[INFO ] 2017-11-17 15:44:59,809 com.webtest.util.Log - Using Firefox
[INFO ] 2017-11-17 15:44:59,819 com.webtest.util.Log - firefox
[INFO ] 2017-11-17 15:44:59,940 com.webtest.util.Log - org.openqa.selenium.NoSuchElementException: Unable to locate element: 킬퐒
For documentation on this error, please visit: http://seleniumhq.org/exceptions/no_such_element.html
Build info: version: '3.6.0', revision: '6fbf3ec767', time: '2017-09-27T16:15:40.131Z'
System info: host: 'DESKTOP-RVOGGDU', ip: '192.168.152.1', os.name: 'Windows 10', os.arch: 'amd64', os.version: '10.0', java.version: '1.8.0_121'
Driver info: org.openqa.selenium.firefox.FirefoxDriver
Capabilities [{moz:profile=C:\WINDOWS\TEMP\rust_mozprofile.jBmmLFAd8fyf, rotatable=false, timeouts={implicit=0, pageLoad=300000, script=30000}, pageLoadStrategy=normal, platform=XP, specificationLevel=0, moz:accessibilityChecks=false, acceptInsecureCerts=true, browserVersion=55.0.3, platformVersion=10.0, moz:processID=13332, browserName=firefox, javascriptEnabled=true, platformName=XP}]
Session ID: 328de837-3377-42c1-b0a1-533e01083d7e
*** Element info: {Using=link text, value=킬퐒}
[INFO ] 2017-11-17 15:45:03,613 com.webtest.util.Log - Opened url http://127.0.0.1/ranzhi/sys/user-login.html
[INFO ] 2017-11-17 15:45:04,876 com.webtest.util.Log - Opened url http://127.0.0.1/ranzhi/sys/user-login.html
[INFO ] 2017-11-17 15:45:08,932 com.webtest.util.Log - Opened url http://127.0.0.1/ranzhi/sys/user-login.html
[INFO ] 2017-11-17 15:45:09,803 com.webtest.util.Log - Opened url http://127.0.0.1/ranzhi/sys/user-login.html
[INFO ] 2017-11-17 15:57:41,993 com.webtest.util.Log - Using Firefox
[INFO ] 2017-11-17 15:57:42,008 com.webtest.util.Log - firefox
[INFO ] 2017-11-17 15:57:42,109 com.webtest.util.Log - org.openqa.selenium.NoSuchElementException: Unable to locate element: 킬퐒
For documentation on this error, please visit: http://seleniumhq.org/exceptions/no_such_element.html
Build info: version: '3.6.0', revision: '6fbf3ec767', time: '2017-09-27T16:15:40.131Z'
System info: host: 'DESKTOP-RVOGGDU', ip: '192.168.152.1', os.name: 'Windows 10', os.arch: 'amd64', os.version: '10.0', java.version: '1.8.0_121'
Driver info: org.openqa.selenium.firefox.FirefoxDriver
Capabilities [{moz:profile=C:\WINDOWS\TEMP\rust_mozprofile.IMkSbgSnzpeC, rotatable=false, timeouts={implicit=0, pageLoad=300000, script=30000}, pageLoadStrategy=normal, platform=XP, specificationLevel=0, moz:accessibilityChecks=false, acceptInsecureCerts=true, browserVersion=55.0.3, platformVersion=10.0, moz:processID=15340, browserName=firefox, javascriptEnabled=true, platformName=XP}]
Session ID: 04c7f4be-e5d7-4970-9713-313bb16cd97f
*** Element info: {Using=link text, value=킬퐒}
[INFO ] 2017-11-17 15:57:45,679 com.webtest.util.Log - Opened url http://127.0.0.1/ranzhi/sys/user-login.html
[INFO ] 2017-11-17 15:57:50,428 com.webtest.util.Log - Opened url http://127.0.0.1/ranzhi/sys/user-login.html
[INFO ] 2017-11-17 15:57:52,099 com.webtest.util.Log - linkText=襁켞an't find element by prefix.
[INFO ] 2017-11-17 15:57:52,099 com.webtest.util.Log - linkText=襁켞an't find element by prefix.
[INFO ] 2017-11-17 15:57:52,115 com.webtest.util.Log - linkText=턡퓜can't find element by prefix.
[INFO ] 2017-11-17 16:00:13,362 com.webtest.util.Log - Using Firefox
[INFO ] 2017-11-17 16:00:13,457 com.webtest.util.Log - firefox
[INFO ] 2017-11-17 16:00:13,663 com.webtest.util.Log - org.openqa.selenium.NoSuchElementException: Unable to locate element: 킬퐒
For documentation on this error, please visit: http://seleniumhq.org/exceptions/no_such_element.html
Build info: version: '3.6.0', revision: '6fbf3ec767', time: '2017-09-27T16:15:40.131Z'
System info: host: 'DESKTOP-RVOGGDU', ip: '192.168.152.1', os.name: 'Windows 10', os.arch: 'amd64', os.version: '10.0', java.version: '1.8.0_121'
Driver info: org.openqa.selenium.firefox.FirefoxDriver
Capabilities [{moz:profile=C:\WINDOWS\TEMP\rust_mozprofile.CdwSlflOEPSn, rotatable=false, timeouts={implicit=0, pageLoad=300000, script=30000}, pageLoadStrategy=normal, platform=XP, specificationLevel=0, moz:accessibilityChecks=false, acceptInsecureCerts=true, browserVersion=55.0.3, platformVersion=10.0, moz:processID=18368, browserName=firefox, javascriptEnabled=true, platformName=XP}]
Session ID: 44232438-2646-4e24-89f7-7acf26c7b557
*** Element info: {Using=link text, value=킬퐒}
[INFO ] 2017-11-17 16:00:17,048 com.webtest.util.Log - Opened url http://127.0.0.1/ranzhi/sys/user-login.html
[INFO ] 2017-11-17 16:00:21,948 com.webtest.util.Log - Opened url http://127.0.0.1/ranzhi/sys/user-login.html
[INFO ] 2017-11-17 16:00:23,768 com.webtest.util.Log - linkText=襁켞an't find element by prefix.
[INFO ] 2017-11-17 16:00:23,768 com.webtest.util.Log - linkText=襁켞an't find element by prefix.
[INFO ] 2017-11-17 16:00:23,784 com.webtest.util.Log - linkText=턡퓜can't find element by prefix.
[INFO ] 2017-11-17 16:00:52,231 com.webtest.util.Log - Using Firefox
[INFO ] 2017-11-17 16:00:52,248 com.webtest.util.Log - firefox
[INFO ] 2017-11-17 16:00:52,378 com.webtest.util.Log - linkText=턡퓜can't find element by prefix.
[INFO ] 2017-11-17 16:02:03,564 com.webtest.util.Log - Using Firefox
[INFO ] 2017-11-17 16:02:03,567 com.webtest.util.Log - firefox
[INFO ] 2017-11-17 16:02:03,696 com.webtest.util.Log - org.openqa.selenium.NoSuchElementException: Unable to locate element: .//*[@id='mainNavbar']/div/ul[2]/li[2]/a
For documentation on this error, please visit: http://seleniumhq.org/exceptions/no_such_element.html
Build info: version: '3.6.0', revision: '6fbf3ec767', time: '2017-09-27T16:15:40.131Z'
System info: host: 'DESKTOP-RVOGGDU', ip: '192.168.152.1', os.name: 'Windows 10', os.arch: 'amd64', os.version: '10.0', java.version: '1.8.0_121'
Driver info: org.openqa.selenium.firefox.FirefoxDriver
Capabilities [{moz:profile=C:\WINDOWS\TEMP\rust_mozprofile.fwHaFc55vgHP, rotatable=false, timeouts={implicit=0, pageLoad=300000, script=30000}, pageLoadStrategy=normal, platform=XP, specificationLevel=0, moz:accessibilityChecks=false, acceptInsecureCerts=true, browserVersion=55.0.3, platformVersion=10.0, moz:processID=9748, browserName=firefox, javascriptEnabled=true, platformName=XP}]
Session ID: 0e6e660f-b3d8-4a40-b08d-a3416fa87450
*** Element info: {Using=xpath, value=.//*[@id='mainNavbar']/div/ul[2]/li[2]/a}
[INFO ] 2017-11-17 16:04:17,290 com.webtest.util.Log - Using Firefox
[INFO ] 2017-11-17 16:04:17,296 com.webtest.util.Log - firefox
[INFO ] 2017-11-17 16:04:17,437 com.webtest.util.Log - org.openqa.selenium.NoSuchElementException: Unable to locate element: 킬퐒
For documentation on this error, please visit: http://seleniumhq.org/exceptions/no_such_element.html
Build info: version: '3.6.0', revision: '6fbf3ec767', time: '2017-09-27T16:15:40.131Z'
System info: host: 'DESKTOP-RVOGGDU', ip: '192.168.152.1', os.name: 'Windows 10', os.arch: 'amd64', os.version: '10.0', java.version: '1.8.0_121'
Driver info: org.openqa.selenium.firefox.FirefoxDriver
Capabilities [{moz:profile=C:\WINDOWS\TEMP\rust_mozprofile.08fWT9zJ0OaW, rotatable=false, timeouts={implicit=0, pageLoad=300000, script=30000}, pageLoadStrategy=normal, platform=XP, specificationLevel=0, moz:accessibilityChecks=false, acceptInsecureCerts=true, browserVersion=55.0.3, platformVersion=10.0, moz:processID=15524, browserName=firefox, javascriptEnabled=true, platformName=XP}]
Session ID: c8741b04-5b27-4278-8e70-c33ff7cf34f9
*** Element info: {Using=link text, value=킬퐒}
[INFO ] 2017-11-17 16:04:21,022 com.webtest.util.Log - Opened url http://127.0.0.1/ranzhi/sys/user-login.html
[INFO ] 2017-11-17 16:04:25,891 com.webtest.util.Log - Opened url http://127.0.0.1/ranzhi/sys/user-login.html
[INFO ] 2017-11-17 16:04:27,642 com.webtest.util.Log - linkText=襁켞an't find element by prefix.
[INFO ] 2017-11-17 16:04:27,661 com.webtest.util.Log - linkText=襁켞an't find element by prefix.
[INFO ] 2017-11-17 16:06:32,215 com.webtest.util.Log - Using Firefox
[INFO ] 2017-11-17 16:06:32,231 com.webtest.util.Log - firefox
[INFO ] 2017-11-17 16:06:32,399 com.webtest.util.Log - org.openqa.selenium.NoSuchElementException: Unable to locate element: .//*[@id='taskList']/thead/tr/th[1]/div/a
For documentation on this error, please visit: http://seleniumhq.org/exceptions/no_such_element.html
Build info: version: '3.6.0', revision: '6fbf3ec767', time: '2017-09-27T16:15:40.131Z'
System info: host: 'DESKTOP-RVOGGDU', ip: '192.168.152.1', os.name: 'Windows 10', os.arch: 'amd64', os.version: '10.0', java.version: '1.8.0_121'
Driver info: org.openqa.selenium.firefox.FirefoxDriver
Capabilities [{moz:profile=C:\WINDOWS\TEMP\rust_mozprofile.rfAAoQcoffQk, rotatable=false, timeouts={implicit=0, pageLoad=300000, script=30000}, pageLoadStrategy=normal, platform=XP, specificationLevel=0, moz:accessibilityChecks=false, acceptInsecureCerts=true, browserVersion=55.0.3, platformVersion=10.0, moz:processID=19000, browserName=firefox, javascriptEnabled=true, platformName=XP}]
Session ID: a1f82331-a341-4e61-85c0-7dcfc56cd5f8
*** Element info: {Using=xpath, value=.//*[@id='taskList']/thead/tr/th[1]/div/a}
[INFO ] 2017-11-17 16:06:32,415 com.webtest.util.Log - org.openqa.selenium.NoSuchElementException: Unable to locate element: .//*[@id='mainNavbar']/div/ul[2]/li[2]/a
For documentation on this error, please visit: http://seleniumhq.org/exceptions/no_such_element.html
Build info: version: '3.6.0', revision: '6fbf3ec767', time: '2017-09-27T16:15:40.131Z'
System info: host: 'DESKTOP-RVOGGDU', ip: '192.168.152.1', os.name: 'Windows 10', os.arch: 'amd64', os.version: '10.0', java.version: '1.8.0_121'
Driver info: org.openqa.selenium.firefox.FirefoxDriver
Capabilities [{moz:profile=C:\WINDOWS\TEMP\rust_mozprofile.rfAAoQcoffQk, rotatable=false, timeouts={implicit=0, pageLoad=300000, script=30000}, pageLoadStrategy=normal, platform=XP, specificationLevel=0, moz:accessibilityChecks=false, acceptInsecureCerts=true, browserVersion=55.0.3, platformVersion=10.0, moz:processID=19000, browserName=firefox, javascriptEnabled=true, platformName=XP}]
Session ID: a1f82331-a341-4e61-85c0-7dcfc56cd5f8
*** Element info: {Using=xpath, value=.//*[@id='mainNavbar']/div/ul[2]/li[2]/a}
[INFO ] 2017-11-17 16:06:32,499 com.webtest.util.Log - org.openqa.selenium.NoSuchElementException: Unable to locate element: 킬퐒
For documentation on this error, please visit: http://seleniumhq.org/exceptions/no_such_element.html
Build info: version: '3.6.0', revision: '6fbf3ec767', time: '2017-09-27T16:15:40.131Z'
System info: host: 'DESKTOP-RVOGGDU', ip: '192.168.152.1', os.name: 'Windows 10', os.arch: 'amd64', os.version: '10.0', java.version: '1.8.0_121'
Driver info: org.openqa.selenium.firefox.FirefoxDriver
Capabilities [{moz:profile=C:\WINDOWS\TEMP\rust_mozprofile.rfAAoQcoffQk, rotatable=false, timeouts={implicit=0, pageLoad=300000, script=30000}, pageLoadStrategy=normal, platform=XP, specificationLevel=0, moz:accessibilityChecks=false, acceptInsecureCerts=true, browserVersion=55.0.3, platformVersion=10.0, moz:processID=19000, browserName=firefox, javascriptEnabled=true, platformName=XP}]
Session ID: a1f82331-a341-4e61-85c0-7dcfc56cd5f8
*** Element info: {Using=link text, value=킬퐒}
[INFO ] 2017-11-17 16:06:35,939 com.webtest.util.Log - Opened url http://127.0.0.1/ranzhi/sys/user-login.html
[INFO ] 2017-11-17 16:06:37,910 com.webtest.util.Log - org.openqa.selenium.NoSuchElementException: Unable to locate element: .//*[@id='taskList']/thead/tr/th[1]/div/a
For documentation on this error, please visit: http://seleniumhq.org/exceptions/no_such_element.html
Build info: version: '3.6.0', revision: '6fbf3ec767', time: '2017-09-27T16:15:40.131Z'
System info: host: 'DESKTOP-RVOGGDU', ip: '192.168.152.1', os.name: 'Windows 10', os.arch: 'amd64', os.version: '10.0', java.version: '1.8.0_121'
Driver info: org.openqa.selenium.firefox.FirefoxDriver
Capabilities [{moz:profile=C:\WINDOWS\TEMP\rust_mozprofile.rfAAoQcoffQk, rotatable=false, timeouts={implicit=0, pageLoad=300000, script=30000}, pageLoadStrategy=normal, platform=XP, specificationLevel=0, moz:accessibilityChecks=false, acceptInsecureCerts=true, browserVersion=55.0.3, platformVersion=10.0, moz:processID=19000, browserName=firefox, javascriptEnabled=true, platformName=XP}]
Session ID: a1f82331-a341-4e61-85c0-7dcfc56cd5f8
*** Element info: {Using=xpath, value=.//*[@id='taskList']/thead/tr/th[1]/div/a}
[INFO ] 2017-11-17 16:06:41,124 com.webtest.util.Log - Opened url http://127.0.0.1/ranzhi/sys/user-login.html
[INFO ] 2017-11-17 16:07:45,508 com.webtest.util.Log - Using Firefox
[INFO ] 2017-11-17 16:07:45,520 com.webtest.util.Log - firefox
[INFO ] 2017-11-17 16:07:45,678 com.webtest.util.Log - org.openqa.selenium.NoSuchElementException: Unable to locate element: .//*[@id='taskList']/thead/tr/th[1]/div/a
For documentation on this error, please visit: http://seleniumhq.org/exceptions/no_such_element.html
Build info: version: '3.6.0', revision: '6fbf3ec767', time: '2017-09-27T16:15:40.131Z'
System info: host: 'DESKTOP-RVOGGDU', ip: '192.168.152.1', os.name: 'Windows 10', os.arch: 'amd64', os.version: '10.0', java.version: '1.8.0_121'
Driver info: org.openqa.selenium.firefox.FirefoxDriver
Capabilities [{moz:profile=C:\WINDOWS\TEMP\rust_mozprofile.ozdDRruhA1qf, rotatable=false, timeouts={implicit=0, pageLoad=300000, script=30000}, pageLoadStrategy=normal, platform=XP, specificationLevel=0, moz:accessibilityChecks=false, acceptInsecureCerts=true, browserVersion=55.0.3, platformVersion=10.0, moz:processID=5272, browserName=firefox, javascriptEnabled=true, platformName=XP}]
Session ID: 4df7800a-9d0d-417e-9d96-ae7f11a0a82c
*** Element info: {Using=xpath, value=.//*[@id='taskList']/thead/tr/th[1]/div/a}
[INFO ] 2017-11-17 16:07:45,725 com.webtest.util.Log - org.openqa.selenium.NoSuchElementException: Unable to locate element: 킬퐒
For documentation on this error, please visit: http://seleniumhq.org/exceptions/no_such_element.html
Build info: version: '3.6.0', revision: '6fbf3ec767', time: '2017-09-27T16:15:40.131Z'
System info: host: 'DESKTOP-RVOGGDU', ip: '192.168.152.1', os.name: 'Windows 10', os.arch: 'amd64', os.version: '10.0', java.version: '1.8.0_121'
Driver info: org.openqa.selenium.firefox.FirefoxDriver
Capabilities [{moz:profile=C:\WINDOWS\TEMP\rust_mozprofile.ozdDRruhA1qf, rotatable=false, timeouts={implicit=0, pageLoad=300000, script=30000}, pageLoadStrategy=normal, platform=XP, specificationLevel=0, moz:accessibilityChecks=false, acceptInsecureCerts=true, browserVersion=55.0.3, platformVersion=10.0, moz:processID=5272, browserName=firefox, javascriptEnabled=true, platformName=XP}]
Session ID: 4df7800a-9d0d-417e-9d96-ae7f11a0a82c
*** Element info: {Using=link text, value=킬퐒}
[INFO ] 2017-11-17 16:07:49,280 com.webtest.util.Log - Opened url http://127.0.0.1/ranzhi/sys/user-login.html
[INFO ] 2017-11-17 16:07:51,164 com.webtest.util.Log - org.openqa.selenium.NoSuchElementException: Unable to locate element: .//*[@id='taskList']/thead/tr/th[1]/div/a
For documentation on this error, please visit: http://seleniumhq.org/exceptions/no_such_element.html
Build info: version: '3.6.0', revision: '6fbf3ec767', time: '2017-09-27T16:15:40.131Z'
System info: host: 'DESKTOP-RVOGGDU', ip: '192.168.152.1', os.name: 'Windows 10', os.arch: 'amd64', os.version: '10.0', java.version: '1.8.0_121'
Driver info: org.openqa.selenium.firefox.FirefoxDriver
Capabilities [{moz:profile=C:\WINDOWS\TEMP\rust_mozprofile.ozdDRruhA1qf, rotatable=false, timeouts={implicit=0, pageLoad=300000, script=30000}, pageLoadStrategy=normal, platform=XP, specificationLevel=0, moz:accessibilityChecks=false, acceptInsecureCerts=true, browserVersion=55.0.3, platformVersion=10.0, moz:processID=5272, browserName=firefox, javascriptEnabled=true, platformName=XP}]
Session ID: 4df7800a-9d0d-417e-9d96-ae7f11a0a82c
*** Element info: {Using=xpath, value=.//*[@id='taskList']/thead/tr/th[1]/div/a}
[INFO ] 2017-11-17 16:07:54,379 com.webtest.util.Log - Opened url http://127.0.0.1/ranzhi/sys/user-login.html
[INFO ] 2017-11-17 16:09:09,944 com.webtest.util.Log - Using Firefox
[INFO ] 2017-11-17 16:09:09,961 com.webtest.util.Log - firefox
[INFO ] 2017-11-17 16:09:10,145 com.webtest.util.Log - org.openqa.selenium.NoSuchElementException: Unable to locate element: 킬퐒
For documentation on this error, please visit: http://seleniumhq.org/exceptions/no_such_element.html
Build info: version: '3.6.0', revision: '6fbf3ec767', time: '2017-09-27T16:15:40.131Z'
System info: host: 'DESKTOP-RVOGGDU', ip: '192.168.152.1', os.name: 'Windows 10', os.arch: 'amd64', os.version: '10.0', java.version: '1.8.0_121'
Driver info: org.openqa.selenium.firefox.FirefoxDriver
Capabilities [{moz:profile=C:\WINDOWS\TEMP\rust_mozprofile.nNHRB9pZGLvm, rotatable=false, timeouts={implicit=0, pageLoad=300000, script=30000}, pageLoadStrategy=normal, platform=XP, specificationLevel=0, moz:accessibilityChecks=false, acceptInsecureCerts=true, browserVersion=55.0.3, platformVersion=10.0, moz:processID=7220, browserName=firefox, javascriptEnabled=true, platformName=XP}]
Session ID: 4cd5d5b4-f584-463f-9dc8-ca09510586ee
*** Element info: {Using=link text, value=킬퐒}
[INFO ] 2017-11-17 16:09:14,348 com.webtest.util.Log - Opened url http://127.0.0.1/ranzhi/sys/user-login.html
[INFO ] 2017-11-17 16:09:19,284 com.webtest.util.Log - Opened url http://127.0.0.1/ranzhi/sys/user-login.html
[INFO ] 2017-11-17 16:09:22,403 com.webtest.util.Log - org.openqa.selenium.NoSuchElementException: Unable to locate element: .//*[@id='taskList']/thead/tr/th[1]/div/a
For documentation on this error, please visit: http://seleniumhq.org/exceptions/no_such_element.html
Build info: version: '3.6.0', revision: '6fbf3ec767', time: '2017-09-27T16:15:40.131Z'
System info: host: 'DESKTOP-RVOGGDU', ip: '192.168.152.1', os.name: 'Windows 10', os.arch: 'amd64', os.version: '10.0', java.version: '1.8.0_121'
Driver info: org.openqa.selenium.firefox.FirefoxDriver
Capabilities [{moz:profile=C:\WINDOWS\TEMP\rust_mozprofile.nNHRB9pZGLvm, rotatable=false, timeouts={implicit=0, pageLoad=300000, script=30000}, pageLoadStrategy=normal, platform=XP, specificationLevel=0, moz:accessibilityChecks=false, acceptInsecureCerts=true, browserVersion=55.0.3, platformVersion=10.0, moz:processID=7220, browserName=firefox, javascriptEnabled=true, platformName=XP}]
Session ID: 4cd5d5b4-f584-463f-9dc8-ca09510586ee
*** Element info: {Using=xpath, value=.//*[@id='taskList']/thead/tr/th[1]/div/a}
[INFO ] 2017-11-17 16:09:22,429 com.webtest.util.Log - org.openqa.selenium.NoSuchElementException: Unable to locate element: .//*[@id='taskList']/thead/tr/th[1]/div/a
For documentation on this error, please visit: http://seleniumhq.org/exceptions/no_such_element.html
Build info: version: '3.6.0', revision: '6fbf3ec767', time: '2017-09-27T16:15:40.131Z'
System info: host: 'DESKTOP-RVOGGDU', ip: '192.168.152.1', os.name: 'Windows 10', os.arch: 'amd64', os.version: '10.0', java.version: '1.8.0_121'
Driver info: org.openqa.selenium.firefox.FirefoxDriver
Capabilities [{moz:profile=C:\WINDOWS\TEMP\rust_mozprofile.nNHRB9pZGLvm, rotatable=false, timeouts={implicit=0, pageLoad=300000, script=30000}, pageLoadStrategy=normal, platform=XP, specificationLevel=0, moz:accessibilityChecks=false, acceptInsecureCerts=true, browserVersion=55.0.3, platformVersion=10.0, moz:processID=7220, browserName=firefox, javascriptEnabled=true, platformName=XP}]
Session ID: 4cd5d5b4-f584-463f-9dc8-ca09510586ee
*** Element info: {Using=xpath, value=.//*[@id='taskList']/thead/tr/th[1]/div/a}
[INFO ] 2017-11-20 17:01:16,094 com.webtest.util.Log - Using Firefox
[INFO ] 2017-11-20 17:01:16,125 com.webtest.util.Log - firefox
[INFO ] 2017-11-20 17:01:16,532 com.webtest.util.Log - org.openqa.selenium.NoSuchElementException: Unable to locate element: 킬퐒
For documentation on this error, please visit: http://seleniumhq.org/exceptions/no_such_element.html
Build info: version: '3.6.0', revision: '6fbf3ec767', time: '2017-09-27T16:15:40.131Z'
System info: host: 'DESKTOP-RVOGGDU', ip: '192.168.152.1', os.name: 'Windows 10', os.arch: 'amd64', os.version: '10.0', java.version: '1.8.0_121'
Driver info: org.openqa.selenium.firefox.FirefoxDriver
Capabilities [{moz:profile=C:\WINDOWS\TEMP\rust_mozprofile.pGoATuGtQGrl, rotatable=false, timeouts={implicit=0, pageLoad=300000, script=30000}, pageLoadStrategy=normal, platform=XP, specificationLevel=0, moz:accessibilityChecks=false, acceptInsecureCerts=true, browserVersion=55.0.3, platformVersion=10.0, moz:processID=9332, browserName=firefox, javascriptEnabled=true, platformName=XP}]
Session ID: d39bc733-acbe-4d5a-b30b-db52f5948432
*** Element info: {Using=link text, value=킬퐒}
[INFO ] 2017-11-20 17:01:20,853 com.webtest.util.Log - Opened url http://127.0.0.1/ranzhi/sys/user-login.html
[INFO ] 2017-11-20 17:01:26,355 com.webtest.util.Log - Opened url http://127.0.0.1/ranzhi/sys/user-login.html
[INFO ] 2017-11-20 17:01:29,622 com.webtest.util.Log - org.openqa.selenium.NoSuchElementException: Unable to locate element: .//*[@id='taskList']/thead/tr/th[1]/div/a
For documentation on this error, please visit: http://seleniumhq.org/exceptions/no_such_element.html
Build info: version: '3.6.0', revision: '6fbf3ec767', time: '2017-09-27T16:15:40.131Z'
System info: host: 'DESKTOP-RVOGGDU', ip: '192.168.152.1', os.name: 'Windows 10', os.arch: 'amd64', os.version: '10.0', java.version: '1.8.0_121'
Driver info: org.openqa.selenium.firefox.FirefoxDriver
Capabilities [{moz:profile=C:\WINDOWS\TEMP\rust_mozprofile.pGoATuGtQGrl, rotatable=false, timeouts={implicit=0, pageLoad=300000, script=30000}, pageLoadStrategy=normal, platform=XP, specificationLevel=0, moz:accessibilityChecks=false, acceptInsecureCerts=true, browserVersion=55.0.3, platformVersion=10.0, moz:processID=9332, browserName=firefox, javascriptEnabled=true, platformName=XP}]
Session ID: d39bc733-acbe-4d5a-b30b-db52f5948432
*** Element info: {Using=xpath, value=.//*[@id='taskList']/thead/tr/th[1]/div/a}
[INFO ] 2017-11-20 17:01:29,652 com.webtest.util.Log - org.openqa.selenium.NoSuchElementException: Unable to locate element: .//*[@id='taskList']/thead/tr/th[1]/div/a
For documentation on this error, please visit: http://seleniumhq.org/exceptions/no_such_element.html
Build info: version: '3.6.0', revision: '6fbf3ec767', time: '2017-09-27T16:15:40.131Z'
System info: host: 'DESKTOP-RVOGGDU', ip: '192.168.152.1', os.name: 'Windows 10', os.arch: 'amd64', os.version: '10.0', java.version: '1.8.0_121'
Driver info: org.openqa.selenium.firefox.FirefoxDriver
Capabilities [{moz:profile=C:\WINDOWS\TEMP\rust_mozprofile.pGoATuGtQGrl, rotatable=false, timeouts={implicit=0, pageLoad=300000, script=30000}, pageLoadStrategy=normal, platform=XP, specificationLevel=0, moz:accessibilityChecks=false, acceptInsecureCerts=true, browserVersion=55.0.3, platformVersion=10.0, moz:processID=9332, browserName=firefox, javascriptEnabled=true, platformName=XP}]
Session ID: d39bc733-acbe-4d5a-b30b-db52f5948432
*** Element info: {Using=xpath, value=.//*[@id='taskList']/thead/tr/th[1]/div/a}
[INFO ] 2017-11-20 17:39:20,614 com.webtest.util.Log - Using Firefox
[INFO ] 2017-11-20 17:39:20,617 com.webtest.util.Log - firefox
[INFO ] 2017-11-20 17:39:20,726 com.webtest.util.Log - org.openqa.selenium.NoSuchElementException: Unable to locate element: 킬퐒
For documentation on this error, please visit: http://seleniumhq.org/exceptions/no_such_element.html
Build info: version: '3.6.0', revision: '6fbf3ec767', time: '2017-09-27T16:15:40.131Z'
System info: host: 'DESKTOP-RVOGGDU', ip: '192.168.152.1', os.name: 'Windows 10', os.arch: 'amd64', os.version: '10.0', java.version: '1.8.0_121'
Driver info: org.openqa.selenium.firefox.FirefoxDriver
Capabilities [{moz:profile=C:\WINDOWS\TEMP\rust_mozprofile.TFZ51KYvguE9, rotatable=false, timeouts={implicit=0, pageLoad=300000, script=30000}, pageLoadStrategy=normal, platform=XP, specificationLevel=0, moz:accessibilityChecks=false, acceptInsecureCerts=true, browserVersion=55.0.3, platformVersion=10.0, moz:processID=17240, browserName=firefox, javascriptEnabled=true, platformName=XP}]
Session ID: 164b274b-b2f8-41ce-b7df-f267e0876fbd
*** Element info: {Using=link text, value=킬퐒}
[INFO ] 2017-11-20 17:39:25,357 com.webtest.util.Log - Opened url http://127.0.0.1/ranzhi/sys/user-login.html
[INFO ] 2017-11-20 17:40:53,384 com.webtest.util.Log - Using Firefox
[INFO ] 2017-11-20 17:40:53,392 com.webtest.util.Log - firefox
[INFO ] 2017-11-20 17:40:53,529 com.webtest.util.Log - org.openqa.selenium.NoSuchElementException: Unable to locate element: 킬퐒
For documentation on this error, please visit: http://seleniumhq.org/exceptions/no_such_element.html
Build info: version: '3.6.0', revision: '6fbf3ec767', time: '2017-09-27T16:15:40.131Z'
System info: host: 'DESKTOP-RVOGGDU', ip: '192.168.152.1', os.name: 'Windows 10', os.arch: 'amd64', os.version: '10.0', java.version: '1.8.0_121'
Driver info: org.openqa.selenium.firefox.FirefoxDriver
Capabilities [{moz:profile=C:\WINDOWS\TEMP\rust_mozprofile.HMg3F08gBh8i, rotatable=false, timeouts={implicit=0, pageLoad=300000, script=30000}, pageLoadStrategy=normal, platform=XP, specificationLevel=0, moz:accessibilityChecks=false, acceptInsecureCerts=true, browserVersion=55.0.3, platformVersion=10.0, moz:processID=19184, browserName=firefox, javascriptEnabled=true, platformName=XP}]
Session ID: 0d543cb5-6030-4814-9732-287d93259c59
*** Element info: {Using=link text, value=킬퐒}
[INFO ] 2017-11-20 17:40:58,049 com.webtest.util.Log - Opened url http://127.0.0.1/ranzhi/sys/user-login.html
[INFO ] 2017-11-20 17:41:03,155 com.webtest.util.Log - Opened url http://127.0.0.1/ranzhi/sys/user-login.html
[INFO ] 2017-11-20 17:41:03,264 com.webtest.util.Log - org.openqa.selenium.WebDriverException: Failed to decode response from marionette
Build info: version: '3.6.0', revision: '6fbf3ec767', time: '2017-09-27T16:15:40.131Z'
System info: host: 'DESKTOP-RVOGGDU', ip: '192.168.152.1', os.name: 'Windows 10', os.arch: 'amd64', os.version: '10.0', java.version: '1.8.0_121'
Driver info: org.openqa.selenium.firefox.FirefoxDriver
Capabilities [{moz:profile=C:\WINDOWS\TEMP\rust_mozprofile.HMg3F08gBh8i, rotatable=false, timeouts={implicit=0, pageLoad=300000, script=30000}, pageLoadStrategy=normal, platform=XP, specificationLevel=0, moz:accessibilityChecks=false, acceptInsecureCerts=true, browserVersion=55.0.3, platformVersion=10.0, moz:processID=19184, browserName=firefox, javascriptEnabled=true, platformName=XP}]
Session ID: 0d543cb5-6030-4814-9732-287d93259c59
*** Element info: {Using=name, value=account}
[INFO ] 2017-11-20 17:41:03,271 com.webtest.util.Log - org.openqa.selenium.SessionNotCreatedException: Tried to run command without establishing a connection
Build info: version: '3.6.0', revision: '6fbf3ec767', time: '2017-09-27T16:15:40.131Z'
System info: host: 'DESKTOP-RVOGGDU', ip: '192.168.152.1', os.name: 'Windows 10', os.arch: 'amd64', os.version: '10.0', java.version: '1.8.0_121'
Driver info: org.openqa.selenium.firefox.FirefoxDriver
Capabilities [{moz:profile=C:\WINDOWS\TEMP\rust_mozprofile.HMg3F08gBh8i, rotatable=false, timeouts={implicit=0, pageLoad=300000, script=30000}, pageLoadStrategy=normal, platform=XP, specificationLevel=0, moz:accessibilityChecks=false, acceptInsecureCerts=true, browserVersion=55.0.3, platformVersion=10.0, moz:processID=19184, browserName=firefox, javascriptEnabled=true, platformName=XP}]
Session ID: 0d543cb5-6030-4814-9732-287d93259c59
*** Element info: {Using=name, value=password}
[INFO ] 2017-11-20 17:41:03,277 com.webtest.util.Log - org.openqa.selenium.SessionNotCreatedException: Tried to run command without establishing a connection
Build info: version: '3.6.0', revision: '6fbf3ec767', time: '2017-09-27T16:15:40.131Z'
System info: host: 'DESKTOP-RVOGGDU', ip: '192.168.152.1', os.name: 'Windows 10', os.arch: 'amd64', os.version: '10.0', java.version: '1.8.0_121'
Driver info: org.openqa.selenium.firefox.FirefoxDriver
Capabilities [{moz:profile=C:\WINDOWS\TEMP\rust_mozprofile.HMg3F08gBh8i, rotatable=false, timeouts={implicit=0, pageLoad=300000, script=30000}, pageLoadStrategy=normal, platform=XP, specificationLevel=0, moz:accessibilityChecks=false, acceptInsecureCerts=true, browserVersion=55.0.3, platformVersion=10.0, moz:processID=19184, browserName=firefox, javascriptEnabled=true, platformName=XP}]
Session ID: 0d543cb5-6030-4814-9732-287d93259c59
*** Element info: {Using=xpath, value=.//*[@id='submit']}
[INFO ] 2017-11-20 17:41:03,320 com.webtest.util.Log - org.openqa.selenium.SessionNotCreatedException: Tried to run command without establishing a connection
Build info: version: '3.6.0', revision: '6fbf3ec767', time: '2017-09-27T16:15:40.131Z'
System info: host: 'DESKTOP-RVOGGDU', ip: '192.168.152.1', os.name: 'Windows 10', os.arch: 'amd64', os.version: '10.0', java.version: '1.8.0_121'
Driver info: org.openqa.selenium.firefox.FirefoxDriver
Capabilities [{moz:profile=C:\WINDOWS\TEMP\rust_mozprofile.HMg3F08gBh8i, rotatable=false, timeouts={implicit=0, pageLoad=300000, script=30000}, pageLoadStrategy=normal, platform=XP, specificationLevel=0, moz:accessibilityChecks=false, acceptInsecureCerts=true, browserVersion=55.0.3, platformVersion=10.0, moz:processID=19184, browserName=firefox, javascriptEnabled=true, platformName=XP}]
Session ID: 0d543cb5-6030-4814-9732-287d93259c59
*** Element info: {Using=xpath, value=.//*[@id='mainNavbar']/div/ul[2]/li[2]/a}
[INFO ] 2017-11-20 17:46:59,516 com.webtest.util.Log - Using Firefox
[INFO ] 2017-11-20 17:46:59,521 com.webtest.util.Log - firefox
[INFO ] 2017-11-20 17:46:59,709 com.webtest.util.Log - org.openqa.selenium.NoSuchElementException: Unable to locate element: 킬퐒
For documentation on this error, please visit: http://seleniumhq.org/exceptions/no_such_element.html
Build info: version: '3.6.0', revision: '6fbf3ec767', time: '2017-09-27T16:15:40.131Z'
System info: host: 'DESKTOP-RVOGGDU', ip: '192.168.152.1', os.name: 'Windows 10', os.arch: 'amd64', os.version: '10.0', java.version: '1.8.0_121'
Driver info: org.openqa.selenium.firefox.FirefoxDriver
Capabilities [{moz:profile=C:\WINDOWS\TEMP\rust_mozprofile.JK6s3KT4qBzO, rotatable=false, timeouts={implicit=0, pageLoad=300000, script=30000}, pageLoadStrategy=normal, platform=XP, specificationLevel=0, moz:accessibilityChecks=false, acceptInsecureCerts=true, browserVersion=55.0.3, platformVersion=10.0, moz:processID=976, browserName=firefox, javascriptEnabled=true, platformName=XP}]
Session ID: 839459d4-c234-461f-97e4-040664c55f0a
*** Element info: {Using=link text, value=킬퐒}
[INFO ] 2017-11-20 17:47:03,153 com.webtest.util.Log - Opened url http://127.0.0.1/ranzhi/sys/user-login.html
[INFO ] 2017-11-20 17:47:08,423 com.webtest.util.Log - Opened url http://127.0.0.1/ranzhi/sys/user-login.html
[INFO ] 2017-11-20 17:47:11,630 com.webtest.util.Log - linkText=襁켞an't find element by prefix.
[INFO ] 2017-11-20 17:49:09,257 com.webtest.util.Log - Using Firefox
[INFO ] 2017-11-20 17:49:09,260 com.webtest.util.Log - firefox
[INFO ] 2017-11-20 17:49:09,389 com.webtest.util.Log - linkText=襁켞an't find element by prefix.
[INFO ] 2017-11-20 17:50:44,162 com.webtest.util.Log - Using Firefox
[INFO ] 2017-11-20 17:50:44,166 com.webtest.util.Log - firefox
[INFO ] 2017-11-20 17:50:44,311 com.webtest.util.Log - org.openqa.selenium.NoSuchElementException: Unable to locate element: 킬퐒
For documentation on this error, please visit: http://seleniumhq.org/exceptions/no_such_element.html
Build info: version: '3.6.0', revision: '6fbf3ec767', time: '2017-09-27T16:15:40.131Z'
System info: host: 'DESKTOP-RVOGGDU', ip: '192.168.152.1', os.name: 'Windows 10', os.arch: 'amd64', os.version: '10.0', java.version: '1.8.0_121'
Driver info: org.openqa.selenium.firefox.FirefoxDriver
Capabilities [{moz:profile=C:\WINDOWS\TEMP\rust_mozprofile.n3fHkONkL5kg, rotatable=false, timeouts={implicit=0, pageLoad=300000, script=30000}, pageLoadStrategy=normal, platform=XP, specificationLevel=0, moz:accessibilityChecks=false, acceptInsecureCerts=true, browserVersion=55.0.3, platformVersion=10.0, moz:processID=4532, browserName=firefox, javascriptEnabled=true, platformName=XP}]
Session ID: be1775f5-dc98-44ee-8e25-1527aacd9853
*** Element info: {Using=link text, value=킬퐒}
[INFO ] 2017-11-20 17:50:47,651 com.webtest.util.Log - Opened url http://127.0.0.1/ranzhi/sys/user-login.html
[INFO ] 2017-11-20 17:50:52,843 com.webtest.util.Log - Opened url http://127.0.0.1/ranzhi/sys/user-login.html
[INFO ] 2017-11-21 08:27:21,322 com.webtest.util.Log - Using Firefox
[INFO ] 2017-11-21 08:27:21,347 com.webtest.util.Log - firefox
[INFO ] 2017-11-21 08:27:21,582 com.webtest.util.Log - linkText=Pcan't find element by prefix.
[INFO ] 2017-11-21 08:27:21,722 com.webtest.util.Log - org.openqa.selenium.NoSuchElementException: Unable to locate element: .//*[@id='mainNavbar']/div/ul[2]/li[2]/a
For documentation on this error, please visit: http://seleniumhq.org/exceptions/no_such_element.html
Build info: version: '3.6.0', revision: '6fbf3ec767', time: '2017-09-27T16:15:40.131Z'
System info: host: 'DESKTOP-RVOGGDU', ip: '192.168.152.1', os.name: 'Windows 10', os.arch: 'amd64', os.version: '10.0', java.version: '1.8.0_121'
Driver info: org.openqa.selenium.firefox.FirefoxDriver
Capabilities [{moz:profile=C:\WINDOWS\TEMP\rust_mozprofile.ZhsVS8weGZZS, rotatable=false, timeouts={implicit=0, pageLoad=300000, script=30000}, pageLoadStrategy=normal, platform=XP, specificationLevel=0, moz:accessibilityChecks=false, acceptInsecureCerts=true, browserVersion=55.0.3, platformVersion=10.0, moz:processID=17656, browserName=firefox, javascriptEnabled=true, platformName=XP}]
Session ID: e7dcfe30-67e0-427c-9141-2fd9ce1bf4b8
*** Element info: {Using=xpath, value=.//*[@id='mainNavbar']/div/ul[2]/li[2]/a}
[INFO ] 2017-11-21 08:27:21,832 com.webtest.util.Log - org.openqa.selenium.NoSuchElementException: Unable to locate element: 킬퐒
For documentation on this error, please visit: http://seleniumhq.org/exceptions/no_such_element.html
Build info: version: '3.6.0', revision: '6fbf3ec767', time: '2017-09-27T16:15:40.131Z'
System info: host: 'DESKTOP-RVOGGDU', ip: '192.168.152.1', os.name: 'Windows 10', os.arch: 'amd64', os.version: '10.0', java.version: '1.8.0_121'
Driver info: org.openqa.selenium.firefox.FirefoxDriver
Capabilities [{moz:profile=C:\WINDOWS\TEMP\rust_mozprofile.ZhsVS8weGZZS, rotatable=false, timeouts={implicit=0, pageLoad=300000, script=30000}, pageLoadStrategy=normal, platform=XP, specificationLevel=0, moz:accessibilityChecks=false, acceptInsecureCerts=true, browserVersion=55.0.3, platformVersion=10.0, moz:processID=17656, browserName=firefox, javascriptEnabled=true, platformName=XP}]
Session ID: e7dcfe30-67e0-427c-9141-2fd9ce1bf4b8
*** Element info: {Using=link text, value=킬퐒}
[INFO ] 2017-11-21 08:27:26,600 com.webtest.util.Log - Opened url http://127.0.0.1/ranzhi/sys/user-login.html
[INFO ] 2017-11-21 08:27:28,385 com.webtest.util.Log - linkText=쿆an't find element by prefix.
[INFO ] 2017-11-21 08:27:28,397 com.webtest.util.Log - linkText=쿆an't find element by prefix.
[INFO ] 2017-11-21 08:27:28,397 com.webtest.util.Log - linkText=Pcan't find element by prefix.
[INFO ] 2017-11-21 08:27:32,873 com.webtest.util.Log - Opened url http://127.0.0.1/ranzhi/sys/user-login.html
[INFO ] 2017-11-21 08:29:17,340 com.webtest.util.Log - Using Firefox
[INFO ] 2017-11-21 08:29:17,357 com.webtest.util.Log - firefox
[INFO ] 2017-11-21 08:29:17,419 com.webtest.util.Log - linkText=Pcan't find element by prefix.
[INFO ] 2017-11-21 08:29:17,466 com.webtest.util.Log - org.openqa.selenium.NoSuchElementException: Unable to locate element: 킬퐒
For documentation on this error, please visit: http://seleniumhq.org/exceptions/no_such_element.html
Build info: version: '3.6.0', revision: '6fbf3ec767', time: '2017-09-27T16:15:40.131Z'
System info: host: 'DESKTOP-RVOGGDU', ip: '192.168.152.1', os.name: 'Windows 10', os.arch: 'amd64', os.version: '10.0', java.version: '1.8.0_121'
Driver info: org.openqa.selenium.firefox.FirefoxDriver
Capabilities [{moz:profile=C:\WINDOWS\TEMP\rust_mozprofile.jJbV4kETsRs9, rotatable=false, timeouts={implicit=0, pageLoad=300000, script=30000}, pageLoadStrategy=normal, platform=XP, specificationLevel=0, moz:accessibilityChecks=false, acceptInsecureCerts=true, browserVersion=55.0.3, platformVersion=10.0, moz:processID=9232, browserName=firefox, javascriptEnabled=true, platformName=XP}]
Session ID: 7d63bb2b-f961-4b9e-adfe-1d39a7f003f0
*** Element info: {Using=link text, value=킬퐒}
[INFO ] 2017-11-21 08:29:21,049 com.webtest.util.Log - Opened url http://127.0.0.1/ranzhi/sys/user-login.html
[INFO ] 2017-11-21 08:29:22,667 com.webtest.util.Log - linkText=쿆an't find element by prefix.
[INFO ] 2017-11-21 08:29:22,671 com.webtest.util.Log - linkText=쿆an't find element by prefix.
[INFO ] 2017-11-21 08:29:22,672 com.webtest.util.Log - linkText=Pcan't find element by prefix.
[INFO ] 2017-11-21 08:29:25,881 com.webtest.util.Log - Opened url http://127.0.0.1/ranzhi/sys/user-login.html
[INFO ] 2017-11-21 08:30:19,193 com.webtest.util.Log - Using Firefox
[INFO ] 2017-11-21 08:30:19,212 com.webtest.util.Log - firefox
[INFO ] 2017-11-21 08:30:19,306 com.webtest.util.Log - linkText=Pcan't find element by prefix.
[INFO ] 2017-11-21 08:30:19,369 com.webtest.util.Log - org.openqa.selenium.NoSuchElementException: Unable to locate element: 킬퐒
For documentation on this error, please visit: http://seleniumhq.org/exceptions/no_such_element.html
Build info: version: '3.6.0', revision: '6fbf3ec767', time: '2017-09-27T16:15:40.131Z'
System info: host: 'DESKTOP-RVOGGDU', ip: '192.168.152.1', os.name: 'Windows 10', os.arch: 'amd64', os.version: '10.0', java.version: '1.8.0_121'
Driver info: org.openqa.selenium.firefox.FirefoxDriver
Capabilities [{moz:profile=C:\WINDOWS\TEMP\rust_mozprofile.teLUu417BWs4, rotatable=false, timeouts={implicit=0, pageLoad=300000, script=30000}, pageLoadStrategy=normal, platform=XP, specificationLevel=0, moz:accessibilityChecks=false, acceptInsecureCerts=true, browserVersion=55.0.3, platformVersion=10.0, moz:processID=9392, browserName=firefox, javascriptEnabled=true, platformName=XP}]
Session ID: 760c433b-af39-4c5b-8136-b8693b6ef871
*** Element info: {Using=link text, value=킬퐒}
[INFO ] 2017-11-21 08:30:22,716 com.webtest.util.Log - Opened url http://127.0.0.1/ranzhi/sys/user-login.html
[INFO ] 2017-11-21 08:30:24,909 com.webtest.util.Log - linkText=쿆an't find element by prefix.
[INFO ] 2017-11-21 08:30:24,909 com.webtest.util.Log - linkText=쿆an't find element by prefix.
[INFO ] 2017-11-21 08:30:24,924 com.webtest.util.Log - linkText=Pcan't find element by prefix.
[INFO ] 2017-11-21 08:30:28,111 com.webtest.util.Log - Opened url http://127.0.0.1/ranzhi/sys/user-login.html
[INFO ] 2017-11-21 08:30:31,286 com.webtest.util.Log - org.openqa.selenium.NoSuchElementException: Unable to locate element: .//*[@id='taskList']/thead/tr/th[1]/div/a
For documentation on this error, please visit: http://seleniumhq.org/exceptions/no_such_element.html
Build info: version: '3.6.0', revision: '6fbf3ec767', time: '2017-09-27T16:15:40.131Z'
System info: host: 'DESKTOP-RVOGGDU', ip: '192.168.152.1', os.name: 'Windows 10', os.arch: 'amd64', os.version: '10.0', java.version: '1.8.0_121'
Driver info: org.openqa.selenium.firefox.FirefoxDriver
Capabilities [{moz:profile=C:\WINDOWS\TEMP\rust_mozprofile.teLUu417BWs4, rotatable=false, timeouts={implicit=0, pageLoad=300000, script=30000}, pageLoadStrategy=normal, platform=XP, specificationLevel=0, moz:accessibilityChecks=false, acceptInsecureCerts=true, browserVersion=55.0.3, platformVersion=10.0, moz:processID=9392, browserName=firefox, javascriptEnabled=true, platformName=XP}]
Session ID: 760c433b-af39-4c5b-8136-b8693b6ef871
*** Element info: {Using=xpath, value=.//*[@id='taskList']/thead/tr/th[1]/div/a}
[INFO ] 2017-11-21 08:30:31,286 com.webtest.util.Log - linkText=襁켞an't find element by prefix.
[INFO ] 2017-11-21 08:31:04,144 com.webtest.util.Log - Using Firefox
[INFO ] 2017-11-21 08:31:04,157 com.webtest.util.Log - firefox
[INFO ] 2017-11-21 08:31:04,219 com.webtest.util.Log - linkText=Pcan't find element by prefix.
[INFO ] 2017-11-21 08:31:04,266 com.webtest.util.Log - org.openqa.selenium.NoSuchElementException: Unable to locate element: 킬퐒
For documentation on this error, please visit: http://seleniumhq.org/exceptions/no_such_element.html
Build info: version: '3.6.0', revision: '6fbf3ec767', time: '2017-09-27T16:15:40.131Z'
System info: host: 'DESKTOP-RVOGGDU', ip: '192.168.152.1', os.name: 'Windows 10', os.arch: 'amd64', os.version: '10.0', java.version: '1.8.0_121'
Driver info: org.openqa.selenium.firefox.FirefoxDriver
Capabilities [{moz:profile=C:\WINDOWS\TEMP\rust_mozprofile.aehFzLrKZWt3, rotatable=false, timeouts={implicit=0, pageLoad=300000, script=30000}, pageLoadStrategy=normal, platform=XP, specificationLevel=0, moz:accessibilityChecks=false, acceptInsecureCerts=true, browserVersion=55.0.3, platformVersion=10.0, moz:processID=9548, browserName=firefox, javascriptEnabled=true, platformName=XP}]
Session ID: 83f2ef25-ed34-49a4-b265-f4f4242e7af7
*** Element info: {Using=link text, value=킬퐒}
[INFO ] 2017-11-21 08:31:07,637 com.webtest.util.Log - Opened url http://127.0.0.1/ranzhi/sys/user-login.html
[INFO ] 2017-11-21 08:31:09,246 com.webtest.util.Log - linkText=쿆an't find element by prefix.
[INFO ] 2017-11-21 08:31:09,247 com.webtest.util.Log - linkText=쿆an't find element by prefix.
[INFO ] 2017-11-21 08:31:09,247 com.webtest.util.Log - linkText=Pcan't find element by prefix.
[INFO ] 2017-11-21 08:31:12,509 com.webtest.util.Log - Opened url http://127.0.0.1/ranzhi/sys/user-login.html
[INFO ] 2017-11-21 08:31:15,719 com.webtest.util.Log - org.openqa.selenium.NoSuchElementException: Unable to locate element: .//*[@id='taskList']/thead/tr/th[1]/div/a
For documentation on this error, please visit: http://seleniumhq.org/exceptions/no_such_element.html
Build info: version: '3.6.0', revision: '6fbf3ec767', time: '2017-09-27T16:15:40.131Z'
System info: host: 'DESKTOP-RVOGGDU', ip: '192.168.152.1', os.name: 'Windows 10', os.arch: 'amd64', os.version: '10.0', java.version: '1.8.0_121'
Driver info: org.openqa.selenium.firefox.FirefoxDriver
Capabilities [{moz:profile=C:\WINDOWS\TEMP\rust_mozprofile.aehFzLrKZWt3, rotatable=false, timeouts={implicit=0, pageLoad=300000, script=30000}, pageLoadStrategy=normal, platform=XP, specificationLevel=0, moz:accessibilityChecks=false, acceptInsecureCerts=true, browserVersion=55.0.3, platformVersion=10.0, moz:processID=9548, browserName=firefox, javascriptEnabled=true, platformName=XP}]
Session ID: 83f2ef25-ed34-49a4-b265-f4f4242e7af7
*** Element info: {Using=xpath, value=.//*[@id='taskList']/thead/tr/th[1]/div/a}
[INFO ] 2017-11-21 08:31:15,719 com.webtest.util.Log - linkText=襁켞an't find element by prefix.
[INFO ] 2017-11-21 08:34:52,829 com.webtest.util.Log - Using Firefox
[INFO ] 2017-11-21 08:34:52,842 com.webtest.util.Log - firefox
[INFO ] 2017-11-21 08:34:52,967 com.webtest.util.Log - org.openqa.selenium.NoSuchElementException: Unable to locate element: .//*[@id='mainNavbar']/div/ul[2]/li[2]/a
For documentation on this error, please visit: http://seleniumhq.org/exceptions/no_such_element.html
Build info: version: '3.6.0', revision: '6fbf3ec767', time: '2017-09-27T16:15:40.131Z'
System info: host: 'DESKTOP-RVOGGDU', ip: '192.168.152.1', os.name: 'Windows 10', os.arch: 'amd64', os.version: '10.0', java.version: '1.8.0_121'
Driver info: org.openqa.selenium.firefox.FirefoxDriver
Capabilities [{moz:profile=C:\WINDOWS\TEMP\rust_mozprofile.zi9SBy0Hn3z3, rotatable=false, timeouts={implicit=0, pageLoad=300000, script=30000}, pageLoadStrategy=normal, platform=XP, specificationLevel=0, moz:accessibilityChecks=false, acceptInsecureCerts=true, browserVersion=55.0.3, platformVersion=10.0, moz:processID=19560, browserName=firefox, javascriptEnabled=true, platformName=XP}]
Session ID: 327b8622-5c42-4346-846d-00e90fc7977f
*** Element info: {Using=xpath, value=.//*[@id='mainNavbar']/div/ul[2]/li[2]/a}
[INFO ] 2017-11-21 08:37:00,652 com.webtest.util.Log - Using Firefox
[INFO ] 2017-11-21 08:37:00,662 com.webtest.util.Log - firefox
[INFO ] 2017-11-21 08:37:04,302 com.webtest.util.Log - Opened url http://127.0.0.1/ranzhi/sys/user-login.html
[INFO ] 2017-11-21 08:38:56,354 com.webtest.util.Log - Using Firefox
[INFO ] 2017-11-21 08:38:56,364 com.webtest.util.Log - firefox
[INFO ] 2017-11-21 08:39:00,026 com.webtest.util.Log - Opened url http://127.0.0.1/ranzhi/sys/user-login.html
[INFO ] 2017-11-21 08:40:25,322 com.webtest.util.Log - Using Firefox
[INFO ] 2017-11-21 08:40:25,332 com.webtest.util.Log - firefox
[INFO ] 2017-11-21 08:40:29,134 com.webtest.util.Log - Opened url http://127.0.0.1/ranzhi/sys/user-login.html
[INFO ] 2017-11-21 08:49:05,140 com.webtest.util.Log - Using Firefox
[INFO ] 2017-11-21 08:49:05,155 com.webtest.util.Log - firefox
[INFO ] 2017-11-21 08:49:08,743 com.webtest.util.Log - Opened url http://127.0.0.1/ranzhi/sys/user-login.html
[INFO ] 2017-11-21 08:49:41,583 com.webtest.util.Log - Using Firefox
[INFO ] 2017-11-21 08:49:41,603 com.webtest.util.Log - firefox
[INFO ] 2017-11-21 08:49:45,461 com.webtest.util.Log - Opened url http://127.0.0.1/ranzhi/sys/user-login.html
[INFO ] 2017-11-21 08:50:31,117 com.webtest.util.Log - Using Firefox
[INFO ] 2017-11-21 08:50:31,129 com.webtest.util.Log - firefox
[INFO ] 2017-11-21 08:50:34,548 com.webtest.util.Log - Opened url http://127.0.0.1/ranzhi/sys/user-login.html
[INFO ] 2017-11-21 08:51:22,475 com.webtest.util.Log - Using Firefox
[INFO ] 2017-11-21 08:51:22,487 com.webtest.util.Log - firefox
[INFO ] 2017-11-21 08:51:26,065 com.webtest.util.Log - Opened url http://127.0.0.1/ranzhi/sys/user-login.html
[INFO ] 2017-11-21 08:52:22,506 com.webtest.util.Log - Using Firefox
[INFO ] 2017-11-21 08:52:22,519 com.webtest.util.Log - firefox
[INFO ] 2017-11-21 08:52:26,029 com.webtest.util.Log - Opened url http://127.0.0.1/ranzhi/sys/user-login.html
[INFO ] 2017-11-21 08:52:36,933 com.webtest.util.Log - Opened url http://127.0.0.1/ranzhi/sys/user-login.html
[INFO ] 2017-11-21 08:52:36,970 com.webtest.util.Log - org.openqa.selenium.NoSuchElementException: Unable to locate element: *[name='account']
For documentation on this error, please visit: http://seleniumhq.org/exceptions/no_such_element.html
Build info: version: '3.6.0', revision: '6fbf3ec767', time: '2017-09-27T16:15:40.131Z'
System info: host: 'DESKTOP-RVOGGDU', ip: '192.168.152.1', os.name: 'Windows 10', os.arch: 'amd64', os.version: '10.0', java.version: '1.8.0_121'
Driver info: org.openqa.selenium.firefox.FirefoxDriver
Capabilities [{moz:profile=C:\WINDOWS\TEMP\rust_mozprofile.vnMyv8TuwILH, rotatable=false, timeouts={implicit=0, pageLoad=300000, script=30000}, pageLoadStrategy=normal, platform=XP, specificationLevel=0, moz:accessibilityChecks=false, acceptInsecureCerts=true, browserVersion=55.0.3, platformVersion=10.0, moz:processID=1276, browserName=firefox, javascriptEnabled=true, platformName=XP}]
Session ID: 0bb6c664-c28e-439e-b014-9502d6cb9783
*** Element info: {Using=name, value=account}
[INFO ] 2017-11-21 08:52:37,002 com.webtest.util.Log - org.openqa.selenium.NoSuchElementException: Unable to locate element: *[name='password']
For documentation on this error, please visit: http://seleniumhq.org/exceptions/no_such_element.html
Build info: version: '3.6.0', revision: '6fbf3ec767', time: '2017-09-27T16:15:40.131Z'
System info: host: 'DESKTOP-RVOGGDU', ip: '192.168.152.1', os.name: 'Windows 10', os.arch: 'amd64', os.version: '10.0', java.version: '1.8.0_121'
Driver info: org.openqa.selenium.firefox.FirefoxDriver
Capabilities [{moz:profile=C:\WINDOWS\TEMP\rust_mozprofile.vnMyv8TuwILH, rotatable=false, timeouts={implicit=0, pageLoad=300000, script=30000}, pageLoadStrategy=normal, platform=XP, specificationLevel=0, moz:accessibilityChecks=false, acceptInsecureCerts=true, browserVersion=55.0.3, platformVersion=10.0, moz:processID=1276, browserName=firefox, javascriptEnabled=true, platformName=XP}]
Session ID: 0bb6c664-c28e-439e-b014-9502d6cb9783
*** Element info: {Using=name, value=password}
[INFO ] 2017-11-21 08:52:37,017 com.webtest.util.Log - org.openqa.selenium.NoSuchElementException: Unable to locate element: .//*[@id='submit']
For documentation on this error, please visit: http://seleniumhq.org/exceptions/no_such_element.html
Build info: version: '3.6.0', revision: '6fbf3ec767', time: '2017-09-27T16:15:40.131Z'
System info: host: 'DESKTOP-RVOGGDU', ip: '192.168.152.1', os.name: 'Windows 10', os.arch: 'amd64', os.version: '10.0', java.version: '1.8.0_121'
Driver info: org.openqa.selenium.firefox.FirefoxDriver
Capabilities [{moz:profile=C:\WINDOWS\TEMP\rust_mozprofile.vnMyv8TuwILH, rotatable=false, timeouts={implicit=0, pageLoad=300000, script=30000}, pageLoadStrategy=normal, platform=XP, specificationLevel=0, moz:accessibilityChecks=false, acceptInsecureCerts=true, browserVersion=55.0.3, platformVersion=10.0, moz:processID=1276, browserName=firefox, javascriptEnabled=true, platformName=XP}]
Session ID: 0bb6c664-c28e-439e-b014-9502d6cb9783
*** Element info: {Using=xpath, value=.//*[@id='submit']}
[INFO ] 2017-11-21 08:53:06,836 com.webtest.util.Log - Using Firefox
[INFO ] 2017-11-21 08:53:06,840 com.webtest.util.Log - firefox
[INFO ] 2017-11-21 08:53:11,428 com.webtest.util.Log - Opened url http://127.0.0.1/ranzhi/sys/user-login.html
[INFO ] 2017-11-21 08:53:22,102 com.webtest.util.Log - Opened url http://127.0.0.1/ranzhi/sys/user-login.html
[INFO ] 2017-11-21 08:53:22,144 com.webtest.util.Log - org.openqa.selenium.NoSuchElementException: Unable to locate element: *[name='account']
For documentation on this error, please visit: http://seleniumhq.org/exceptions/no_such_element.html
Build info: version: '3.6.0', revision: '6fbf3ec767', time: '2017-09-27T16:15:40.131Z'
System info: host: 'DESKTOP-RVOGGDU', ip: '192.168.152.1', os.name: 'Windows 10', os.arch: 'amd64', os.version: '10.0', java.version: '1.8.0_121'
Driver info: org.openqa.selenium.firefox.FirefoxDriver
Capabilities [{moz:profile=C:\WINDOWS\TEMP\rust_mozprofile.Vs8PvY2EgAjm, rotatable=false, timeouts={implicit=0, pageLoad=300000, script=30000}, pageLoadStrategy=normal, platform=XP, specificationLevel=0, moz:accessibilityChecks=false, acceptInsecureCerts=true, browserVersion=55.0.3, platformVersion=10.0, moz:processID=14784, browserName=firefox, javascriptEnabled=true, platformName=XP}]
Session ID: 181bd065-7fae-4161-b8f1-9813647981b0
*** Element info: {Using=name, value=account}
[INFO ] 2017-11-21 08:53:22,175 com.webtest.util.Log - org.openqa.selenium.NoSuchElementException: Unable to locate element: *[name='password']
For documentation on this error, please visit: http://seleniumhq.org/exceptions/no_such_element.html
Build info: version: '3.6.0', revision: '6fbf3ec767', time: '2017-09-27T16:15:40.131Z'
System info: host: 'DESKTOP-RVOGGDU', ip: '192.168.152.1', os.name: 'Windows 10', os.arch: 'amd64', os.version: '10.0', java.version: '1.8.0_121'
Driver info: org.openqa.selenium.firefox.FirefoxDriver
Capabilities [{moz:profile=C:\WINDOWS\TEMP\rust_mozprofile.Vs8PvY2EgAjm, rotatable=false, timeouts={implicit=0, pageLoad=300000, script=30000}, pageLoadStrategy=normal, platform=XP, specificationLevel=0, moz:accessibilityChecks=false, acceptInsecureCerts=true, browserVersion=55.0.3, platformVersion=10.0, moz:processID=14784, browserName=firefox, javascriptEnabled=true, platformName=XP}]
Session ID: 181bd065-7fae-4161-b8f1-9813647981b0
*** Element info: {Using=name, value=password}
[INFO ] 2017-11-21 08:53:22,191 com.webtest.util.Log - org.openqa.selenium.NoSuchElementException: Unable to locate element: .//*[@id='submit']
For documentation on this error, please visit: http://seleniumhq.org/exceptions/no_such_element.html
Build info: version: '3.6.0', revision: '6fbf3ec767', time: '2017-09-27T16:15:40.131Z'
System info: host: 'DESKTOP-RVOGGDU', ip: '192.168.152.1', os.name: 'Windows 10', os.arch: 'amd64', os.version: '10.0', java.version: '1.8.0_121'
Driver info: org.openqa.selenium.firefox.FirefoxDriver
Capabilities [{moz:profile=C:\WINDOWS\TEMP\rust_mozprofile.Vs8PvY2EgAjm, rotatable=false, timeouts={implicit=0, pageLoad=300000, script=30000}, pageLoadStrategy=normal, platform=XP, specificationLevel=0, moz:accessibilityChecks=false, acceptInsecureCerts=true, browserVersion=55.0.3, platformVersion=10.0, moz:processID=14784, browserName=firefox, javascriptEnabled=true, platformName=XP}]
Session ID: 181bd065-7fae-4161-b8f1-9813647981b0
*** Element info: {Using=xpath, value=.//*[@id='submit']}
[INFO ] 2017-11-21 08:55:00,403 com.webtest.util.Log - Using Firefox
[INFO ] 2017-11-21 08:55:00,407 com.webtest.util.Log - firefox
[INFO ] 2017-11-21 08:55:03,975 com.webtest.util.Log - Opened url http://127.0.0.1/ranzhi/sys/user-login.html
[INFO ] 2017-11-21 08:55:07,834 com.webtest.util.Log - linkText=킬퐒can't find element by prefix.
[INFO ] 2017-11-21 08:55:11,334 com.webtest.util.Log - Opened url http://127.0.0.1/ranzhi/sys/user-login.html
[INFO ] 2017-11-21 08:55:11,369 com.webtest.util.Log - org.openqa.selenium.NoSuchElementException: Unable to locate element: *[name='account']
For documentation on this error, please visit: http://seleniumhq.org/exceptions/no_such_element.html
Build info: version: '3.6.0', revision: '6fbf3ec767', time: '2017-09-27T16:15:40.131Z'
System info: host: 'DESKTOP-RVOGGDU', ip: '192.168.152.1', os.name: 'Windows 10', os.arch: 'amd64', os.version: '10.0', java.version: '1.8.0_121'
Driver info: org.openqa.selenium.firefox.FirefoxDriver
Capabilities [{moz:profile=C:\WINDOWS\TEMP\rust_mozprofile.EUD66J7lXuaV, rotatable=false, timeouts={implicit=0, pageLoad=300000, script=30000}, pageLoadStrategy=normal, platform=XP, specificationLevel=0, moz:accessibilityChecks=false, acceptInsecureCerts=true, browserVersion=55.0.3, platformVersion=10.0, moz:processID=18680, browserName=firefox, javascriptEnabled=true, platformName=XP}]
Session ID: 5bc38386-e4ca-4334-bc8b-3499424afa12
*** Element info: {Using=name, value=account}
[INFO ] 2017-11-21 08:55:11,385 com.webtest.util.Log - org.openqa.selenium.NoSuchElementException: Unable to locate element: *[name='password']
For documentation on this error, please visit: http://seleniumhq.org/exceptions/no_such_element.html
Build info: version: '3.6.0', revision: '6fbf3ec767', time: '2017-09-27T16:15:40.131Z'
System info: host: 'DESKTOP-RVOGGDU', ip: '192.168.152.1', os.name: 'Windows 10', os.arch: 'amd64', os.version: '10.0', java.version: '1.8.0_121'
Driver info: org.openqa.selenium.firefox.FirefoxDriver
Capabilities [{moz:profile=C:\WINDOWS\TEMP\rust_mozprofile.EUD66J7lXuaV, rotatable=false, timeouts={implicit=0, pageLoad=300000, script=30000}, pageLoadStrategy=normal, platform=XP, specificationLevel=0, moz:accessibilityChecks=false, acceptInsecureCerts=true, browserVersion=55.0.3, platformVersion=10.0, moz:processID=18680, browserName=firefox, javascriptEnabled=true, platformName=XP}]
Session ID: 5bc38386-e4ca-4334-bc8b-3499424afa12
*** Element info: {Using=name, value=password}
[INFO ] 2017-11-21 08:55:11,416 com.webtest.util.Log - org.openqa.selenium.NoSuchElementException: Unable to locate element: .//*[@id='submit']
For documentation on this error, please visit: http://seleniumhq.org/exceptions/no_such_element.html
Build info: version: '3.6.0', revision: '6fbf3ec767', time: '2017-09-27T16:15:40.131Z'
System info: host: 'DESKTOP-RVOGGDU', ip: '192.168.152.1', os.name: 'Windows 10', os.arch: 'amd64', os.version: '10.0', java.version: '1.8.0_121'
Driver info: org.openqa.selenium.firefox.FirefoxDriver
Capabilities [{moz:profile=C:\WINDOWS\TEMP\rust_mozprofile.EUD66J7lXuaV, rotatable=false, timeouts={implicit=0, pageLoad=300000, script=30000}, pageLoadStrategy=normal, platform=XP, specificationLevel=0, moz:accessibilityChecks=false, acceptInsecureCerts=true, browserVersion=55.0.3, platformVersion=10.0, moz:processID=18680, browserName=firefox, javascriptEnabled=true, platformName=XP}]
Session ID: 5bc38386-e4ca-4334-bc8b-3499424afa12
*** Element info: {Using=xpath, value=.//*[@id='submit']}
[INFO ] 2017-11-21 08:56:05,618 com.webtest.util.Log - Using Firefox
[INFO ] 2017-11-21 08:56:05,630 com.webtest.util.Log - firefox
[INFO ] 2017-11-21 08:56:09,243 com.webtest.util.Log - Opened url http://127.0.0.1/ranzhi/sys/user-login.html
[INFO ] 2017-11-21 08:56:50,923 com.webtest.util.Log - Using Firefox
[INFO ] 2017-11-21 08:56:50,933 com.webtest.util.Log - firefox
[INFO ] 2017-11-21 08:56:54,672 com.webtest.util.Log - Opened url http://127.0.0.1/ranzhi/sys/user-login.html
[INFO ] 2017-11-21 08:56:58,351 com.webtest.util.Log - org.openqa.selenium.NoSuchElementException: Unable to locate element: .//*[@id='taskList']/thead/tr/th[1]/div/a
For documentation on this error, please visit: http://seleniumhq.org/exceptions/no_such_element.html
Build info: version: '3.6.0', revision: '6fbf3ec767', time: '2017-09-27T16:15:40.131Z'
System info: host: 'DESKTOP-RVOGGDU', ip: '192.168.152.1', os.name: 'Windows 10', os.arch: 'amd64', os.version: '10.0', java.version: '1.8.0_121'
Driver info: org.openqa.selenium.firefox.FirefoxDriver
Capabilities [{moz:profile=C:\WINDOWS\TEMP\rust_mozprofile.i2yngZgRZUrK, rotatable=false, timeouts={implicit=0, pageLoad=300000, script=30000}, pageLoadStrategy=normal, platform=XP, specificationLevel=0, moz:accessibilityChecks=false, acceptInsecureCerts=true, browserVersion=55.0.3, platformVersion=10.0, moz:processID=16800, browserName=firefox, javascriptEnabled=true, platformName=XP}]
Session ID: 0ee9a223-abeb-4750-b7be-afcc3f31d84f
*** Element info: {Using=xpath, value=.//*[@id='taskList']/thead/tr/th[1]/div/a}
[INFO ] 2017-11-21 08:58:11,512 com.webtest.util.Log - Using Firefox
[INFO ] 2017-11-21 08:58:11,521 com.webtest.util.Log - firefox
[INFO ] 2017-11-21 08:58:15,010 com.webtest.util.Log - Opened url http://127.0.0.1/ranzhi/sys/user-login.html
[INFO ] 2017-11-21 08:58:19,314 com.webtest.util.Log - org.openqa.selenium.NoSuchElementException: Unable to locate element: .//*[@id='taskList']/thead/tr/th[1]/div/a
For documentation on this error, please visit: http://seleniumhq.org/exceptions/no_such_element.html
Build info: version: '3.6.0', revision: '6fbf3ec767', time: '2017-09-27T16:15:40.131Z'
System info: host: 'DESKTOP-RVOGGDU', ip: '192.168.152.1', os.name: 'Windows 10', os.arch: 'amd64', os.version: '10.0', java.version: '1.8.0_121'
Driver info: org.openqa.selenium.firefox.FirefoxDriver
Capabilities [{moz:profile=C:\WINDOWS\TEMP\rust_mozprofile.8dCv38feQw5I, rotatable=false, timeouts={implicit=0, pageLoad=300000, script=30000}, pageLoadStrategy=normal, platform=XP, specificationLevel=0, moz:accessibilityChecks=false, acceptInsecureCerts=true, browserVersion=55.0.3, platformVersion=10.0, moz:processID=5696, browserName=firefox, javascriptEnabled=true, platformName=XP}]
Session ID: 5f2dc24a-4707-44ae-8a94-9fd36c7594a4
*** Element info: {Using=xpath, value=.//*[@id='taskList']/thead/tr/th[1]/div/a}
[INFO ] 2017-11-21 08:58:19,330 com.webtest.util.Log - linkText=襁켞an't find element by prefix.
[INFO ] 2017-11-21 09:00:55,988 com.webtest.util.Log - Using Firefox
[INFO ] 2017-11-21 09:00:56,003 com.webtest.util.Log - firefox
[INFO ] 2017-11-21 09:00:59,459 com.webtest.util.Log - Opened url http://127.0.0.1/ranzhi/sys/user-login.html
[INFO ] 2017-11-21 09:01:03,452 com.webtest.util.Log - org.openqa.selenium.NoSuchElementException: Unable to locate element: .//*[@id='taskList']/thead/tr/th[1]/div/a
For documentation on this error, please visit: http://seleniumhq.org/exceptions/no_such_element.html
Build info: version: '3.6.0', revision: '6fbf3ec767', time: '2017-09-27T16:15:40.131Z'
System info: host: 'DESKTOP-RVOGGDU', ip: '192.168.152.1', os.name: 'Windows 10', os.arch: 'amd64', os.version: '10.0', java.version: '1.8.0_121'
Driver info: org.openqa.selenium.firefox.FirefoxDriver
Capabilities [{moz:profile=C:\WINDOWS\TEMP\rust_mozprofile.7REJKC8QLwDF, rotatable=false, timeouts={implicit=0, pageLoad=300000, script=30000}, pageLoadStrategy=normal, platform=XP, specificationLevel=0, moz:accessibilityChecks=false, acceptInsecureCerts=true, browserVersion=55.0.3, platformVersion=10.0, moz:processID=15104, browserName=firefox, javascriptEnabled=true, platformName=XP}]
Session ID: f86fe608-fed3-44ba-acfd-811b0a88bd79
*** Element info: {Using=xpath, value=.//*[@id='taskList']/thead/tr/th[1]/div/a}
[INFO ] 2017-11-21 09:01:03,460 com.webtest.util.Log - linkText=襁켞an't find element by prefix.
[INFO ] 2017-11-21 09:02:19,045 com.webtest.util.Log - Using Firefox
[INFO ] 2017-11-21 09:02:19,049 com.webtest.util.Log - firefox
[INFO ] 2017-11-21 09:02:22,523 com.webtest.util.Log - Opened url http://127.0.0.1/ranzhi/sys/user-login.html
[INFO ] 2017-11-21 09:02:26,422 com.webtest.util.Log - org.openqa.selenium.NoSuchElementException: Unable to locate element: .//*[@id='taskList']/thead/tr/th[1]/div/a
For documentation on this error, please visit: http://seleniumhq.org/exceptions/no_such_element.html
Build info: version: '3.6.0', revision: '6fbf3ec767', time: '2017-09-27T16:15:40.131Z'
System info: host: 'DESKTOP-RVOGGDU', ip: '192.168.152.1', os.name: 'Windows 10', os.arch: 'amd64', os.version: '10.0', java.version: '1.8.0_121'
Driver info: org.openqa.selenium.firefox.FirefoxDriver
Capabilities [{moz:profile=C:\WINDOWS\TEMP\rust_mozprofile.rmFFtXG6T27R, rotatable=false, timeouts={implicit=0, pageLoad=300000, script=30000}, pageLoadStrategy=normal, platform=XP, specificationLevel=0, moz:accessibilityChecks=false, acceptInsecureCerts=true, browserVersion=55.0.3, platformVersion=10.0, moz:processID=14472, browserName=firefox, javascriptEnabled=true, platformName=XP}]
Session ID: f8b75562-f224-445e-b116-95fc984c9943
*** Element info: {Using=xpath, value=.//*[@id='taskList']/thead/tr/th[1]/div/a}
[INFO ] 2017-11-21 09:02:26,425 com.webtest.util.Log - linkText=襁켞an't find element by prefix.
[INFO ] 2017-11-21 09:04:10,057 com.webtest.util.Log - Using Firefox
[INFO ] 2017-11-21 09:04:10,074 com.webtest.util.Log - firefox
[INFO ] 2017-11-21 09:04:13,597 com.webtest.util.Log - Opened url http://127.0.0.1/ranzhi/sys/user-login.html
[INFO ] 2017-11-21 09:04:17,319 com.webtest.util.Log - linkText=襁켞an't find element by prefix.
[INFO ] 2017-11-21 09:04:20,662 com.webtest.util.Log - org.openqa.selenium.NoSuchElementException: Unable to locate element: .//*[@id='taskList']/thead/tr/th[1]/div/a
For documentation on this error, please visit: http://seleniumhq.org/exceptions/no_such_element.html
Build info: version: '3.6.0', revision: '6fbf3ec767', time: '2017-09-27T16:15:40.131Z'
System info: host: 'DESKTOP-RVOGGDU', ip: '192.168.152.1', os.name: 'Windows 10', os.arch: 'amd64', os.version: '10.0', java.version: '1.8.0_121'
Driver info: org.openqa.selenium.firefox.FirefoxDriver
Capabilities [{moz:profile=C:\WINDOWS\TEMP\rust_mozprofile.2XK41kmKOqPt, rotatable=false, timeouts={implicit=0, pageLoad=300000, script=30000}, pageLoadStrategy=normal, platform=XP, specificationLevel=0, moz:accessibilityChecks=false, acceptInsecureCerts=true, browserVersion=55.0.3, platformVersion=10.0, moz:processID=10488, browserName=firefox, javascriptEnabled=true, platformName=XP}]
Session ID: 029fd1ce-3195-4a3b-8d9b-e783c5a06bdf
*** Element info: {Using=xpath, value=.//*[@id='taskList']/thead/tr/th[1]/div/a}
[INFO ] 2017-11-21 09:05:05,989 com.webtest.util.Log - Using Firefox
[INFO ] 2017-11-21 09:05:05,998 com.webtest.util.Log - firefox
[INFO ] 2017-11-21 09:05:09,804 com.webtest.util.Log - Opened url http://127.0.0.1/ranzhi/sys/user-login.html
[INFO ] 2017-11-21 09:05:13,403 com.webtest.util.Log - linkText=襁켞an't find element by prefix.
[INFO ] 2017-11-21 09:05:16,766 com.webtest.util.Log - org.openqa.selenium.NoSuchElementException: Unable to locate element: .//*[@id='taskList']/thead/tr/th[1]/div/a
For documentation on this error, please visit: http://seleniumhq.org/exceptions/no_such_element.html
Build info: version: '3.6.0', revision: '6fbf3ec767', time: '2017-09-27T16:15:40.131Z'
System info: host: 'DESKTOP-RVOGGDU', ip: '192.168.152.1', os.name: 'Windows 10', os.arch: 'amd64', os.version: '10.0', java.version: '1.8.0_121'
Driver info: org.openqa.selenium.firefox.FirefoxDriver
Capabilities [{moz:profile=C:\WINDOWS\TEMP\rust_mozprofile.L2gKbRcx0AJy, rotatable=false, timeouts={implicit=0, pageLoad=300000, script=30000}, pageLoadStrategy=normal, platform=XP, specificationLevel=0, moz:accessibilityChecks=false, acceptInsecureCerts=true, browserVersion=55.0.3, platformVersion=10.0, moz:processID=1920, browserName=firefox, javascriptEnabled=true, platformName=XP}]
Session ID: e9ff8386-3f0c-4bd0-bf75-6f8da0183820
*** Element info: {Using=xpath, value=.//*[@id='taskList']/thead/tr/th[1]/div/a}
[INFO ] 2017-11-21 09:09:51,766 com.webtest.util.Log - Using Firefox
[INFO ] 2017-11-21 09:09:51,785 com.webtest.util.Log - firefox
[INFO ] 2017-11-21 09:09:55,396 com.webtest.util.Log - Opened url http://127.0.0.1/ranzhi/sys/user-login.html
[INFO ] 2017-11-21 09:09:59,693 com.webtest.util.Log - linkText=襁켞an't find element by prefix.
[INFO ] 2017-11-21 09:10:03,114 com.webtest.util.Log - org.openqa.selenium.NoSuchElementException: Unable to locate element: .//*[@id='taskList']/thead/tr/th[1]/div/a
For documentation on this error, please visit: http://seleniumhq.org/exceptions/no_such_element.html
Build info: version: '3.6.0', revision: '6fbf3ec767', time: '2017-09-27T16:15:40.131Z'
System info: host: 'DESKTOP-RVOGGDU', ip: '192.168.152.1', os.name: 'Windows 10', os.arch: 'amd64', os.version: '10.0', java.version: '1.8.0_121'
Driver info: org.openqa.selenium.firefox.FirefoxDriver
Capabilities [{moz:profile=C:\WINDOWS\TEMP\rust_mozprofile.Fepma0xtHAXQ, rotatable=false, timeouts={implicit=0, pageLoad=300000, script=30000}, pageLoadStrategy=normal, platform=XP, specificationLevel=0, moz:accessibilityChecks=false, acceptInsecureCerts=true, browserVersion=55.0.3, platformVersion=10.0, moz:processID=16772, browserName=firefox, javascriptEnabled=true, platformName=XP}]
Session ID: 905ccdd0-1e69-41e1-bcd3-238e7b1964c4
*** Element info: {Using=xpath, value=.//*[@id='taskList']/thead/tr/th[1]/div/a}
[INFO ] 2017-11-21 09:13:42,848 com.webtest.util.Log - Using Firefox
[INFO ] 2017-11-21 09:13:42,854 com.webtest.util.Log - firefox
[INFO ] 2017-11-21 09:13:46,323 com.webtest.util.Log - Opened url http://127.0.0.1/ranzhi/sys/user-login.html
[INFO ] 2017-11-21 09:19:27,335 com.webtest.util.Log - Using Firefox
[INFO ] 2017-11-21 09:19:27,343 com.webtest.util.Log - firefox
[INFO ] 2017-11-21 09:19:30,843 com.webtest.util.Log - Opened url http://127.0.0.1/ranzhi/sys/user-login.html
[INFO ] 2017-11-21 09:19:41,319 com.webtest.util.Log - Entered iframe iframe-dashboard
[INFO ] 2017-11-21 09:21:28,010 com.webtest.util.Log - Using Firefox
[INFO ] 2017-11-21 09:21:28,020 com.webtest.util.Log - firefox
[INFO ] 2017-11-21 09:21:31,498 com.webtest.util.Log - Opened url http://127.0.0.1/ranzhi/sys/user-login.html
[INFO ] 2017-11-21 09:21:41,536 com.webtest.util.Log - Entered iframe iframe-dashboard
[INFO ] 2017-11-21 09:22:40,532 com.webtest.util.Log - Using Firefox
[INFO ] 2017-11-21 09:22:40,545 com.webtest.util.Log - firefox
[INFO ] 2017-11-21 09:22:44,115 com.webtest.util.Log - Opened url http://127.0.0.1/ranzhi/sys/user-login.html
[INFO ] 2017-11-21 09:22:57,247 com.webtest.util.Log - Entered iframe iframe-dashboard
[INFO ] 2017-11-21 09:23:37,010 com.webtest.util.Log - Using Firefox
[INFO ] 2017-11-21 09:23:37,022 com.webtest.util.Log - firefox
[INFO ] 2017-11-21 09:23:41,407 com.webtest.util.Log - Opened url http://127.0.0.1/ranzhi/sys/user-login.html
[INFO ] 2017-11-21 09:23:45,264 com.webtest.util.Log - org.openqa.selenium.NoSuchElementException: Unable to locate element: .//*[@id='taskList']/thead/tr/th[1]/div/a
For documentation on this error, please visit: http://seleniumhq.org/exceptions/no_such_element.html
Build info: version: '3.6.0', revision: '6fbf3ec767', time: '2017-09-27T16:15:40.131Z'
System info: host: 'DESKTOP-RVOGGDU', ip: '192.168.152.1', os.name: 'Windows 10', os.arch: 'amd64', os.version: '10.0', java.version: '1.8.0_121'
Driver info: org.openqa.selenium.firefox.FirefoxDriver
Capabilities [{moz:profile=C:\WINDOWS\TEMP\rust_mozprofile.mIQh4vviP9Ax, rotatable=false, timeouts={implicit=0, pageLoad=300000, script=30000}, pageLoadStrategy=normal, platform=XP, specificationLevel=0, moz:accessibilityChecks=false, acceptInsecureCerts=true, browserVersion=55.0.3, platformVersion=10.0, moz:processID=11320, browserName=firefox, javascriptEnabled=true, platformName=XP}]
Session ID: 22097268-0386-4bbe-a2f3-73f600085924
*** Element info: {Using=xpath, value=.//*[@id='taskList']/thead/tr/th[1]/div/a}
[INFO ] 2017-11-21 09:23:51,674 com.webtest.util.Log - Entered iframe iframe-dashboard
[INFO ] 2017-11-21 09:25:14,771 com.webtest.util.Log - Using Firefox
[INFO ] 2017-11-21 09:25:14,789 com.webtest.util.Log - firefox
[INFO ] 2017-11-21 09:25:18,458 com.webtest.util.Log - Opened url http://127.0.0.1/ranzhi/sys/user-login.html
[INFO ] 2017-11-21 09:25:22,450 com.webtest.util.Log - org.openqa.selenium.NoSuchElementException: Unable to locate element: .//*[@id='taskList']/thead/tr/th[1]/div/a
For documentation on this error, please visit: http://seleniumhq.org/exceptions/no_such_element.html
Build info: version: '3.6.0', revision: '6fbf3ec767', time: '2017-09-27T16:15:40.131Z'
System info: host: 'DESKTOP-RVOGGDU', ip: '192.168.152.1', os.name: 'Windows 10', os.arch: 'amd64', os.version: '10.0', java.version: '1.8.0_121'
Driver info: org.openqa.selenium.firefox.FirefoxDriver
Capabilities [{moz:profile=C:\WINDOWS\TEMP\rust_mozprofile.SStLuEYVYjWV, rotatable=false, timeouts={implicit=0, pageLoad=300000, script=30000}, pageLoadStrategy=normal, platform=XP, specificationLevel=0, moz:accessibilityChecks=false, acceptInsecureCerts=true, browserVersion=55.0.3, platformVersion=10.0, moz:processID=17004, browserName=firefox, javascriptEnabled=true, platformName=XP}]
Session ID: ed5f28e7-ceef-42e0-bdc4-0951439358a4
*** Element info: {Using=xpath, value=.//*[@id='taskList']/thead/tr/th[1]/div/a}
[INFO ] 2017-11-21 09:25:28,915 com.webtest.util.Log - Entered iframe iframe-dashboard
[INFO ] 2017-11-21 09:27:06,751 com.webtest.util.Log - Using Firefox
[INFO ] 2017-11-21 09:27:06,776 com.webtest.util.Log - firefox
[INFO ] 2017-11-21 09:27:10,663 com.webtest.util.Log - Opened url http://127.0.0.1/ranzhi/sys/user-login.html
[INFO ] 2017-11-21 09:27:23,788 com.webtest.util.Log - Entered iframe iframe-dashboard
[INFO ] 2017-11-21 09:29:25,767 com.webtest.util.Log - Using Firefox
[INFO ] 2017-11-21 09:29:25,782 com.webtest.util.Log - firefox
[INFO ] 2017-11-21 09:29:29,419 com.webtest.util.Log - Opened url http://127.0.0.1/ranzhi/sys/user-login.html
[INFO ] 2017-11-21 09:29:42,882 com.webtest.util.Log - Entered iframe iframe-dashboard
[INFO ] 2017-11-21 09:29:42,924 com.webtest.util.Log - Left the iframe
[INFO ] 2017-11-21 09:43:40,256 com.webtest.util.Log - Using Firefox
[INFO ] 2017-11-21 09:43:40,270 com.webtest.util.Log - firefox
[INFO ] 2017-11-21 09:43:44,449 com.webtest.util.Log - Opened url http://127.0.0.1/ranzhi/sys/user-login.html
[INFO ] 2017-11-21 09:44:32,682 com.webtest.util.Log - Using Firefox
[INFO ] 2017-11-21 09:44:32,693 com.webtest.util.Log - firefox
[INFO ] 2017-11-21 09:44:36,173 com.webtest.util.Log - Opened url http://127.0.0.1/ranzhi/sys/user-login.html
[INFO ] 2017-11-21 09:44:39,938 com.webtest.util.Log - org.openqa.selenium.NoSuchElementException: Unable to locate element: .//*[@id='taskList']/thead/tr/th[1]/div/a
For documentation on this error, please visit: http://seleniumhq.org/exceptions/no_such_element.html
Build info: version: '3.6.0', revision: '6fbf3ec767', time: '2017-09-27T16:15:40.131Z'
System info: host: 'DESKTOP-RVOGGDU', ip: '192.168.152.1', os.name: 'Windows 10', os.arch: 'amd64', os.version: '10.0', java.version: '1.8.0_121'
Driver info: org.openqa.selenium.firefox.FirefoxDriver
Capabilities [{moz:profile=C:\WINDOWS\TEMP\rust_mozprofile.oeiZwfio1DDm, rotatable=false, timeouts={implicit=0, pageLoad=300000, script=30000}, pageLoadStrategy=normal, platform=XP, specificationLevel=0, moz:accessibilityChecks=false, acceptInsecureCerts=true, browserVersion=55.0.3, platformVersion=10.0, moz:processID=17680, browserName=firefox, javascriptEnabled=true, platformName=XP}]
Session ID: 8562c33b-5dfd-4c0a-80c0-0fc409f102d3
*** Element info: {Using=xpath, value=.//*[@id='taskList']/thead/tr/th[1]/div/a}
[INFO ] 2017-11-21 09:46:11,462 com.webtest.util.Log - Using Firefox
[INFO ] 2017-11-21 09:46:11,468 com.webtest.util.Log - firefox
[INFO ] 2017-11-21 09:46:15,207 com.webtest.util.Log - Opened url http://127.0.0.1/ranzhi/sys/user-login.html
[INFO ] 2017-11-21 09:48:33,246 com.webtest.util.Log - Using Firefox
[INFO ] 2017-11-21 09:48:33,263 com.webtest.util.Log - firefox
[INFO ] 2017-11-21 09:48:37,785 com.webtest.util.Log - Opened url http://127.0.0.1/ranzhi/sys/user-login.html
[INFO ] 2017-11-21 09:49:06,697 com.webtest.util.Log - Entered iframe iframe-dashboard
[INFO ] 2017-11-21 09:49:06,732 com.webtest.util.Log - Left the iframe
[INFO ] 2017-11-21 09:54:33,490 com.webtest.util.Log - Using Firefox
[INFO ] 2017-11-21 09:54:33,497 com.webtest.util.Log - firefox
[INFO ] 2017-11-21 09:54:33,654 com.webtest.util.Log - org.openqa.selenium.NoSuchElementException: Unable to locate element: 킬퐒
For documentation on this error, please visit: http://seleniumhq.org/exceptions/no_such_element.html
Build info: version: '3.6.0', revision: '6fbf3ec767', time: '2017-09-27T16:15:40.131Z'
System info: host: 'DESKTOP-RVOGGDU', ip: '192.168.152.1', os.name: 'Windows 10', os.arch: 'amd64', os.version: '10.0', java.version: '1.8.0_121'
Driver info: org.openqa.selenium.firefox.FirefoxDriver
Capabilities [{moz:profile=C:\WINDOWS\TEMP\rust_mozprofile.M12cHasuhzHA, rotatable=false, timeouts={implicit=0, pageLoad=300000, script=30000}, pageLoadStrategy=normal, platform=XP, specificationLevel=0, moz:accessibilityChecks=false, acceptInsecureCerts=true, browserVersion=55.0.3, platformVersion=10.0, moz:processID=15404, browserName=firefox, javascriptEnabled=true, platformName=XP}]
Session ID: e05971ac-b438-4dc3-b760-9b47cb920880
*** Element info: {Using=link text, value=킬퐒}
[INFO ] 2017-11-21 09:54:37,045 com.webtest.util.Log - Opened url http://127.0.0.1/ranzhi/sys/user-login.html
[INFO ] 2017-11-21 09:54:43,973 com.webtest.util.Log - Opened url http://127.0.0.1/ranzhi/sys/user-login.html
[INFO ] 2017-11-21 10:00:08,501 com.webtest.util.Log - Using Firefox
[INFO ] 2017-11-21 10:00:08,517 com.webtest.util.Log - firefox
[INFO ] 2017-11-21 10:00:08,658 com.webtest.util.Log - org.openqa.selenium.NoSuchElementException: Unable to locate element: 킬퐒
For documentation on this error, please visit: http://seleniumhq.org/exceptions/no_such_element.html
Build info: version: '3.6.0', revision: '6fbf3ec767', time: '2017-09-27T16:15:40.131Z'
System info: host: 'DESKTOP-RVOGGDU', ip: '192.168.152.1', os.name: 'Windows 10', os.arch: 'amd64', os.version: '10.0', java.version: '1.8.0_121'
Driver info: org.openqa.selenium.firefox.FirefoxDriver
Capabilities [{moz:profile=C:\WINDOWS\TEMP\rust_mozprofile.JYTvjrMDe86X, rotatable=false, timeouts={implicit=0, pageLoad=300000, script=30000}, pageLoadStrategy=normal, platform=XP, specificationLevel=0, moz:accessibilityChecks=false, acceptInsecureCerts=true, browserVersion=55.0.3, platformVersion=10.0, moz:processID=4020, browserName=firefox, javascriptEnabled=true, platformName=XP}]
Session ID: 852a5e31-ade1-4765-97ae-e64a6ac2a81c
*** Element info: {Using=link text, value=킬퐒}
[INFO ] 2017-11-21 10:00:12,205 com.webtest.util.Log - Opened url http://127.0.0.1/ranzhi/sys/user-login.html
[INFO ] 2017-11-21 10:00:19,557 com.webtest.util.Log - Opened url http://127.0.0.1/ranzhi/sys/user-login.html
[INFO ] 2017-11-21 10:01:01,705 com.webtest.util.Log - Using Firefox
[INFO ] 2017-11-21 10:01:01,716 com.webtest.util.Log - firefox
[INFO ] 2017-11-21 10:01:01,857 com.webtest.util.Log - org.openqa.selenium.NoSuchElementException: Unable to locate element: 킬퐒
For documentation on this error, please visit: http://seleniumhq.org/exceptions/no_such_element.html
Build info: version: '3.6.0', revision: '6fbf3ec767', time: '2017-09-27T16:15:40.131Z'
System info: host: 'DESKTOP-RVOGGDU', ip: '192.168.152.1', os.name: 'Windows 10', os.arch: 'amd64', os.version: '10.0', java.version: '1.8.0_121'
Driver info: org.openqa.selenium.firefox.FirefoxDriver
Capabilities [{moz:profile=C:\WINDOWS\TEMP\rust_mozprofile.sjEIiBCFI1FT, rotatable=false, timeouts={implicit=0, pageLoad=300000, script=30000}, pageLoadStrategy=normal, platform=XP, specificationLevel=0, moz:accessibilityChecks=false, acceptInsecureCerts=true, browserVersion=55.0.3, platformVersion=10.0, moz:processID=14384, browserName=firefox, javascriptEnabled=true, platformName=XP}]
Session ID: 78c5576e-ee7f-4483-8077-9d6fa11e2fca
*** Element info: {Using=link text, value=킬퐒}
[INFO ] 2017-11-21 10:01:05,546 com.webtest.util.Log - Opened url http://127.0.0.1/ranzhi/sys/user-login.html
[INFO ] 2017-11-21 10:01:12,562 com.webtest.util.Log - Opened url http://127.0.0.1/ranzhi/sys/user-login.html
[INFO ] 2017-11-21 10:01:46,903 com.webtest.util.Log - Using Firefox
[INFO ] 2017-11-21 10:01:46,923 com.webtest.util.Log - firefox
[INFO ] 2017-11-21 10:01:47,063 com.webtest.util.Log - org.openqa.selenium.NoSuchElementException: Unable to locate element: 킬퐒
For documentation on this error, please visit: http://seleniumhq.org/exceptions/no_such_element.html
Build info: version: '3.6.0', revision: '6fbf3ec767', time: '2017-09-27T16:15:40.131Z'
System info: host: 'DESKTOP-RVOGGDU', ip: '192.168.152.1', os.name: 'Windows 10', os.arch: 'amd64', os.version: '10.0', java.version: '1.8.0_121'
Driver info: org.openqa.selenium.firefox.FirefoxDriver
Capabilities [{moz:profile=C:\WINDOWS\TEMP\rust_mozprofile.OBMS0bDJ4GzF, rotatable=false, timeouts={implicit=0, pageLoad=300000, script=30000}, pageLoadStrategy=normal, platform=XP, specificationLevel=0, moz:accessibilityChecks=false, acceptInsecureCerts=true, browserVersion=55.0.3, platformVersion=10.0, moz:processID=19904, browserName=firefox, javascriptEnabled=true, platformName=XP}]
Session ID: 82519134-263b-4bd8-80c2-36184ca00e95
*** Element info: {Using=link text, value=킬퐒}
[INFO ] 2017-11-21 10:01:50,900 com.webtest.util.Log - Opened url http://127.0.0.1/ranzhi/sys/user-login.html
[INFO ] 2017-11-21 10:01:57,948 com.webtest.util.Log - Opened url http://127.0.0.1/ranzhi/sys/user-login.html
[INFO ] 2017-11-21 10:03:28,940 com.webtest.util.Log - Using Firefox
[INFO ] 2017-11-21 10:03:28,949 com.webtest.util.Log - firefox
[INFO ] 2017-11-21 10:03:29,078 com.webtest.util.Log - org.openqa.selenium.NoSuchElementException: Unable to locate element: 킬퐒
For documentation on this error, please visit: http://seleniumhq.org/exceptions/no_such_element.html
Build info: version: '3.6.0', revision: '6fbf3ec767', time: '2017-09-27T16:15:40.131Z'
System info: host: 'DESKTOP-RVOGGDU', ip: '192.168.152.1', os.name: 'Windows 10', os.arch: 'amd64', os.version: '10.0', java.version: '1.8.0_121'
Driver info: org.openqa.selenium.firefox.FirefoxDriver
Capabilities [{moz:profile=C:\WINDOWS\TEMP\rust_mozprofile.IXCwRJMwcpGu, rotatable=false, timeouts={implicit=0, pageLoad=300000, script=30000}, pageLoadStrategy=normal, platform=XP, specificationLevel=0, moz:accessibilityChecks=false, acceptInsecureCerts=true, browserVersion=55.0.3, platformVersion=10.0, moz:processID=10524, browserName=firefox, javascriptEnabled=true, platformName=XP}]
Session ID: ed585fca-943d-4770-b474-b0288a834376
*** Element info: {Using=link text, value=킬퐒}
[INFO ] 2017-11-21 10:03:32,719 com.webtest.util.Log - Opened url http://127.0.0.1/ranzhi/sys/user-login.html
[INFO ] 2017-11-21 10:03:40,052 com.webtest.util.Log - Opened url http://127.0.0.1/ranzhi/sys/user-login.html
[INFO ] 2017-11-21 10:04:32,758 com.webtest.util.Log - Using Firefox
[INFO ] 2017-11-21 10:04:32,773 com.webtest.util.Log - firefox
[INFO ] 2017-11-21 10:04:32,961 com.webtest.util.Log - org.openqa.selenium.NoSuchElementException: Unable to locate element: 킬퐒
For documentation on this error, please visit: http://seleniumhq.org/exceptions/no_such_element.html
Build info: version: '3.6.0', revision: '6fbf3ec767', time: '2017-09-27T16:15:40.131Z'
System info: host: 'DESKTOP-RVOGGDU', ip: '192.168.152.1', os.name: 'Windows 10', os.arch: 'amd64', os.version: '10.0', java.version: '1.8.0_121'
Driver info: org.openqa.selenium.firefox.FirefoxDriver
Capabilities [{moz:profile=C:\WINDOWS\TEMP\rust_mozprofile.HYFEKvWMk7Q5, rotatable=false, timeouts={implicit=0, pageLoad=300000, script=30000}, pageLoadStrategy=normal, platform=XP, specificationLevel=0, moz:accessibilityChecks=false, acceptInsecureCerts=true, browserVersion=55.0.3, platformVersion=10.0, moz:processID=20856, browserName=firefox, javascriptEnabled=true, platformName=XP}]
Session ID: 75536161-9b83-4265-a194-995588faa1dd
*** Element info: {Using=link text, value=킬퐒}
[INFO ] 2017-11-21 10:04:37,510 com.webtest.util.Log - Opened url http://127.0.0.1/ranzhi/sys/user-login.html
[INFO ] 2017-11-21 10:04:45,643 com.webtest.util.Log - Opened url http://127.0.0.1/ranzhi/sys/user-login.html
[INFO ] 2017-11-21 10:05:17,125 com.webtest.util.Log - Using Firefox
[INFO ] 2017-11-21 10:05:17,134 com.webtest.util.Log - firefox
[INFO ] 2017-11-21 10:05:17,259 com.webtest.util.Log - org.openqa.selenium.NoSuchElementException: Unable to locate element: 킬퐒
For documentation on this error, please visit: http://seleniumhq.org/exceptions/no_such_element.html
Build info: version: '3.6.0', revision: '6fbf3ec767', time: '2017-09-27T16:15:40.131Z'
System info: host: 'DESKTOP-RVOGGDU', ip: '192.168.152.1', os.name: 'Windows 10', os.arch: 'amd64', os.version: '10.0', java.version: '1.8.0_121'
Driver info: org.openqa.selenium.firefox.FirefoxDriver
Capabilities [{moz:profile=C:\WINDOWS\TEMP\rust_mozprofile.Udld0pDBV7Z5, rotatable=false, timeouts={implicit=0, pageLoad=300000, script=30000}, pageLoadStrategy=normal, platform=XP, specificationLevel=0, moz:accessibilityChecks=false, acceptInsecureCerts=true, browserVersion=55.0.3, platformVersion=10.0, moz:processID=21456, browserName=firefox, javascriptEnabled=true, platformName=XP}]
Session ID: b17fd123-d806-437f-85d0-a4188533da88
*** Element info: {Using=link text, value=킬퐒}
[INFO ] 2017-11-21 10:05:20,941 com.webtest.util.Log - Opened url http://127.0.0.1/ranzhi/sys/user-login.html
[INFO ] 2017-11-21 10:05:28,300 com.webtest.util.Log - Opened url http://127.0.0.1/ranzhi/sys/user-login.html
[INFO ] 2017-11-21 10:11:11,794 com.webtest.util.Log - Using Firefox
[INFO ] 2017-11-21 10:11:11,800 com.webtest.util.Log - firefox
[INFO ] 2017-11-21 10:11:15,459 com.webtest.util.Log - Opened url http://127.0.0.1/ranzhi/sys/user-login.html
[INFO ] 2017-11-21 10:11:19,400 com.webtest.util.Log - linkText=엏썳can't find element by prefix.
[INFO ] 2017-11-21 10:11:43,989 com.webtest.util.Log - Using Firefox
[INFO ] 2017-11-21 10:11:43,995 com.webtest.util.Log - firefox
[INFO ] 2017-11-21 10:11:48,951 com.webtest.util.Log - Opened url http://127.0.0.1/ranzhi/sys/user-login.html
[INFO ] 2017-11-21 10:11:52,808 com.webtest.util.Log - linkText=엏썳can't find element by prefix.
[INFO ] 2017-11-21 10:17:58,222 com.webtest.util.Log - Using Firefox
[INFO ] 2017-11-21 10:17:58,225 com.webtest.util.Log - firefox
[INFO ] 2017-11-21 10:18:01,713 com.webtest.util.Log - Opened url http://127.0.0.1/ranzhi/sys/user-login.html
[INFO ] 2017-11-21 10:18:05,763 com.webtest.util.Log - linkText=엏썳can't find element by prefix.
[INFO ] 2017-11-21 10:18:37,937 com.webtest.util.Log - Using Firefox
[INFO ] 2017-11-21 10:18:37,944 com.webtest.util.Log - firefox
[INFO ] 2017-11-21 10:18:41,916 com.webtest.util.Log - Opened url http://127.0.0.1/ranzhi/sys/user-login.html
[INFO ] 2017-11-21 10:26:56,382 com.webtest.util.Log - Using Firefox
[INFO ] 2017-11-21 10:26:56,385 com.webtest.util.Log - firefox
[INFO ] 2017-11-21 10:27:00,004 com.webtest.util.Log - Opened url http://127.0.0.1/ranzhi/sys/user-login.html
[INFO ] 2017-11-21 10:27:10,078 com.webtest.util.Log - Entered iframe iframe-dashboard
[INFO ] 2017-11-21 10:27:10,110 com.webtest.util.Log - org.openqa.selenium.NoSuchElementException: Unable to locate element: .//*[@id='zui.calendar1511231126932001']/div[3]/div/table/tbody/tr[4]/td[2]/div/div[2]
For documentation on this error, please visit: http://seleniumhq.org/exceptions/no_such_element.html
Build info: version: '3.6.0', revision: '6fbf3ec767', time: '2017-09-27T16:15:40.131Z'
System info: host: 'DESKTOP-RVOGGDU', ip: '192.168.152.1', os.name: 'Windows 10', os.arch: 'amd64', os.version: '10.0', java.version: '1.8.0_121'
Driver info: org.openqa.selenium.firefox.FirefoxDriver
Capabilities [{moz:profile=C:\WINDOWS\TEMP\rust_mozprofile.wqj8gbhM98Qe, rotatable=false, timeouts={implicit=0, pageLoad=300000, script=30000}, pageLoadStrategy=normal, platform=XP, specificationLevel=0, moz:accessibilityChecks=false, acceptInsecureCerts=true, browserVersion=55.0.3, platformVersion=10.0, moz:processID=19912, browserName=firefox, javascriptEnabled=true, platformName=XP}]
Session ID: b8792a87-7858-4fed-8e56-a851deb6028a
*** Element info: {Using=xpath, value=.//*[@id='zui.calendar1511231126932001']/div[3]/div/table/tbody/tr[4]/td[2]/div/div[2]}
[INFO ] 2017-11-21 10:28:08,732 com.webtest.util.Log - Using Firefox
[INFO ] 2017-11-21 10:28:08,736 com.webtest.util.Log - firefox
[INFO ] 2017-11-21 10:28:12,758 com.webtest.util.Log - Opened url http://127.0.0.1/ranzhi/sys/user-login.html
[INFO ] 2017-11-21 10:28:23,287 com.webtest.util.Log - Entered iframe iframe-dashboard
[INFO ] 2017-11-21 10:28:23,320 com.webtest.util.Log - org.openqa.selenium.NoSuchElementException: Unable to locate element: .//*[@id='zui.calendar1511231126932001']/div[3]/div/table/tbody/tr[4]/td[2]/div/div[2]
For documentation on this error, please visit: http://seleniumhq.org/exceptions/no_such_element.html
Build info: version: '3.6.0', revision: '6fbf3ec767', time: '2017-09-27T16:15:40.131Z'
System info: host: 'DESKTOP-RVOGGDU', ip: '192.168.152.1', os.name: 'Windows 10', os.arch: 'amd64', os.version: '10.0', java.version: '1.8.0_121'
Driver info: org.openqa.selenium.firefox.FirefoxDriver
Capabilities [{moz:profile=C:\WINDOWS\TEMP\rust_mozprofile.ARTbDwu7fROB, rotatable=false, timeouts={implicit=0, pageLoad=300000, script=30000}, pageLoadStrategy=normal, platform=XP, specificationLevel=0, moz:accessibilityChecks=false, acceptInsecureCerts=true, browserVersion=55.0.3, platformVersion=10.0, moz:processID=13576, browserName=firefox, javascriptEnabled=true, platformName=XP}]
Session ID: 166c933b-d447-4c07-a8d1-8b4d5d0bfb14
*** Element info: {Using=xpath, value=.//*[@id='zui.calendar1511231126932001']/div[3]/div/table/tbody/tr[4]/td[2]/div/div[2]}
[INFO ] 2017-11-21 10:28:23,340 com.webtest.util.Log - Left the iframe
[INFO ] 2017-11-21 10:48:59,572 com.webtest.util.Log - Using Firefox
[INFO ] 2017-11-21 10:48:59,576 com.webtest.util.Log - firefox
[INFO ] 2017-11-21 10:49:03,362 com.webtest.util.Log - Opened url http://127.0.0.1/ranzhi/sys/user-login.html
[INFO ] 2017-11-21 10:53:45,862 com.webtest.util.Log - Using Firefox
[INFO ] 2017-11-21 10:53:45,865 com.webtest.util.Log - firefox
[INFO ] 2017-11-21 10:53:49,547 com.webtest.util.Log - Opened url http://127.0.0.1/ranzhi/sys/user-login.html
[INFO ] 2017-11-21 10:55:30,754 com.webtest.util.Log - Using Firefox
[INFO ] 2017-11-21 10:55:30,758 com.webtest.util.Log - firefox
[INFO ] 2017-11-21 10:55:34,563 com.webtest.util.Log - Opened url http://127.0.0.1/ranzhi/sys/user-login.html
[INFO ] 2017-11-21 10:55:51,220 com.webtest.util.Log - Entered iframe iframe-dashboard
[INFO ] 2017-11-21 10:55:51,282 com.webtest.util.Log - Left the iframe
[INFO ] 2017-11-21 10:57:13,789 com.webtest.util.Log - Using Firefox
[INFO ] 2017-11-21 10:57:13,792 com.webtest.util.Log - firefox
[INFO ] 2017-11-21 10:57:17,415 com.webtest.util.Log - Opened url http://127.0.0.1/ranzhi/sys/user-login.html
[INFO ] 2017-11-21 10:57:30,852 com.webtest.util.Log - Entered iframe iframe-dashboard
[INFO ] 2017-11-21 10:57:30,909 com.webtest.util.Log - Left the iframe
[INFO ] 2017-11-21 11:02:31,799 com.webtest.util.Log - Using Firefox
[INFO ] 2017-11-21 11:02:31,803 com.webtest.util.Log - firefox
[INFO ] 2017-11-21 11:02:35,357 com.webtest.util.Log - Opened url http://127.0.0.1/ranzhi/sys/user-login.html
[INFO ] 2017-11-21 11:02:45,652 com.webtest.util.Log - Entered iframe iframe-dashboard
[INFO ] 2017-11-21 11:02:45,702 com.webtest.util.Log - Left the iframe
[INFO ] 2017-11-21 11:02:48,801 com.webtest.util.Log - Entered iframe iframe-dashboard
[INFO ] 2017-11-21 11:02:52,435 com.webtest.util.Log - Left the iframe
[INFO ] 2017-11-21 11:05:00,463 com.webtest.util.Log - Using Firefox
[INFO ] 2017-11-21 11:05:00,471 com.webtest.util.Log - firefox
[INFO ] 2017-11-21 11:05:04,428 com.webtest.util.Log - Opened url http://127.0.0.1/ranzhi/sys/user-login.html
[INFO ] 2017-11-21 11:05:14,964 com.webtest.util.Log - Entered iframe iframe-dashboard
[INFO ] 2017-11-21 11:05:15,020 com.webtest.util.Log - Left the iframe
[INFO ] 2017-11-21 11:05:18,085 com.webtest.util.Log - Entered iframe iframe-dashboard
[INFO ] 2017-11-21 11:05:21,843 com.webtest.util.Log - Left the iframe
[INFO ] 2017-11-21 11:05:24,910 com.webtest.util.Log - Entered iframe iframe-dashboard
[INFO ] 2017-11-21 11:05:24,910 com.webtest.util.Log - linkText=襁켞an't find element by prefix.
[INFO ] 2017-11-21 11:05:24,928 com.webtest.util.Log - Left the iframe
[INFO ] 2017-11-21 11:05:27,982 com.webtest.util.Log - Entered iframe iframe-dashboard
[INFO ] 2017-11-21 11:05:27,982 com.webtest.util.Log - linkText=Pcan't find element by prefix.
[INFO ] 2017-11-21 11:05:28,007 com.webtest.util.Log - Left the iframe
[INFO ] 2017-11-21 11:05:31,070 com.webtest.util.Log - Entered iframe iframe-dashboard
[INFO ] 2017-11-21 11:05:31,070 com.webtest.util.Log - linkText=Pcan't find element by prefix.
[INFO ] 2017-11-21 11:05:31,091 com.webtest.util.Log - Left the iframe
[INFO ] 2017-11-21 11:05:34,149 com.webtest.util.Log - Entered iframe iframe-dashboard
[INFO ] 2017-11-21 11:05:34,149 com.webtest.util.Log - linkText=쿆an't find element by prefix.
[INFO ] 2017-11-21 11:05:34,170 com.webtest.util.Log - Left the iframe
[INFO ] 2017-11-21 11:05:37,236 com.webtest.util.Log - Entered iframe iframe-dashboard
[INFO ] 2017-11-21 11:05:37,236 com.webtest.util.Log - linkText=쿆an't find element by prefix.
[INFO ] 2017-11-21 11:05:37,257 com.webtest.util.Log - Left the iframe
[INFO ] 2017-11-21 11:06:49,083 com.webtest.util.Log - Using Firefox
[INFO ] 2017-11-21 11:06:49,087 com.webtest.util.Log - firefox
[INFO ] 2017-11-21 11:06:52,880 com.webtest.util.Log - Opened url http://127.0.0.1/ranzhi/sys/user-login.html
[INFO ] 2017-11-21 11:07:03,265 com.webtest.util.Log - Entered iframe iframe-dashboard
[INFO ] 2017-11-21 11:07:03,313 com.webtest.util.Log - Left the iframe
[INFO ] 2017-11-21 11:07:06,360 com.webtest.util.Log - Entered iframe iframe-dashboard
[INFO ] 2017-11-21 11:07:09,776 com.webtest.util.Log - Left the iframe
[INFO ] 2017-11-21 11:07:12,897 com.webtest.util.Log - Entered iframe iframe-dashboard
[INFO ] 2017-11-21 11:07:16,502 com.webtest.util.Log - Left the iframe
[INFO ] 2017-11-21 11:07:19,583 com.webtest.util.Log - Entered iframe iframe-dashboard
[INFO ] 2017-11-21 11:07:19,583 com.webtest.util.Log - linkText=Pcan't find element by prefix.
[INFO ] 2017-11-21 11:07:19,604 com.webtest.util.Log - Left the iframe
[INFO ] 2017-11-21 11:07:22,683 com.webtest.util.Log - Entered iframe iframe-dashboard
[INFO ] 2017-11-21 11:07:22,683 com.webtest.util.Log - linkText=Pcan't find element by prefix.
[INFO ] 2017-11-21 11:07:22,703 com.webtest.util.Log - Left the iframe
[INFO ] 2017-11-21 11:07:25,781 com.webtest.util.Log - Entered iframe iframe-dashboard
[INFO ] 2017-11-21 11:07:25,781 com.webtest.util.Log - linkText=쿆an't find element by prefix.
[INFO ] 2017-11-21 11:07:25,804 com.webtest.util.Log - Left the iframe
[INFO ] 2017-11-21 11:07:28,905 com.webtest.util.Log - Entered iframe iframe-dashboard
[INFO ] 2017-11-21 11:07:28,905 com.webtest.util.Log - linkText=쿆an't find element by prefix.
[INFO ] 2017-11-21 11:07:28,926 com.webtest.util.Log - Left the iframe
[INFO ] 2017-11-21 11:09:01,097 com.webtest.util.Log - Using Firefox
[INFO ] 2017-11-21 11:09:01,101 com.webtest.util.Log - firefox
[INFO ] 2017-11-21 11:09:04,733 com.webtest.util.Log - Opened url http://127.0.0.1/ranzhi/sys/user-login.html
[INFO ] 2017-11-21 11:09:15,903 com.webtest.util.Log - Entered iframe iframe-dashboard
[INFO ] 2017-11-21 11:09:15,949 com.webtest.util.Log - Left the iframe
[INFO ] 2017-11-21 11:09:19,017 com.webtest.util.Log - Entered iframe iframe-dashboard
[INFO ] 2017-11-21 11:09:22,469 com.webtest.util.Log - Left the iframe
[INFO ] 2017-11-21 11:09:25,573 com.webtest.util.Log - Entered iframe iframe-dashboard
[INFO ] 2017-11-21 11:09:29,116 com.webtest.util.Log - Left the iframe
[INFO ] 2017-11-21 11:09:32,179 com.webtest.util.Log - Entered iframe iframe-dashboard
[INFO ] 2017-11-21 11:09:35,824 com.webtest.util.Log - Left the iframe
[INFO ] 2017-11-21 11:09:38,904 com.webtest.util.Log - Entered iframe iframe-dashboard
[INFO ] 2017-11-21 11:09:42,378 com.webtest.util.Log - Left the iframe
[INFO ] 2017-11-21 11:09:45,471 com.webtest.util.Log - Entered iframe iframe-dashboard
[INFO ] 2017-11-21 11:09:48,927 com.webtest.util.Log - Left the iframe
[INFO ] 2017-11-21 11:09:51,994 com.webtest.util.Log - Entered iframe iframe-dashboard
[INFO ] 2017-11-21 11:09:55,390 com.webtest.util.Log - Left the iframe
