<?xml version="1.0" encoding="UTF-8"?>
<!-- Generated by org.testng.reporters.JUnitXMLReporter -->
<testsuite hostname="DESKTOP-RVOGGDU" ignored="2" name="Test" tests="49" failures="3" timestamp="13 十二月 2017 08:50:29 GMT" time="782.351" errors="0">
  <testcase name="LoginFail" time="7.028" classname="com.admin.login.LoginTest">
    <failure type="java.lang.AssertionError" message="expected [true] but found [false]">
      <![CDATA[java.lang.AssertionError: expected [true] but found [false]
	at com.admin.login.LoginTest.LoginFail(Unknown Source)
... Removed 28 stack frames]]>
    </failure>
  </testcase> <!-- LoginFail -->
  <testcase name="LoginSuccess" time="0.0" classname="com.admin.login.LoginTest">
    <skipped/>
  </testcase> <!-- LoginSuccess -->
  <testcase name="Loginout" time="0.0" classname="com.admin.login.LoginTest">
    <skipped/>
  </testcase> <!-- Loginout -->
  <testcase name="beforeBoke" time="9.962" classname="com.admin.team.Boke"/>
  <testcase name="AddBoke" time="27.245" classname="com.admin.team.Boke"/>
  <testcase name="Check" time="6.418" classname="com.admin.team.Boke"/>
  <testcase name="FindBoke" time="6.472" classname="com.admin.team.Boke">
    <failure type="java.lang.AssertionError" message="expected [false] but found [true]">
      <![CDATA[java.lang.AssertionError: expected [false] but found [true]
	at com.admin.team.Boke.FindBoke(Unknown Source)
... Removed 28 stack frames]]>
    </failure>
  </testcase> <!-- FindBoke -->
  <testcase name="beforeLunTan" time="9.745" classname="com.admin.team.LunTan"/>
  <testcase name="ChaKanTiezi" time="10.563" classname="com.admin.team.LunTan"/>
  <testcase name="BianJiTZ" time="10.604" classname="com.admin.team.LunTan"/>
  <testcase name="HuiTie" time="9.571" classname="com.admin.team.LunTan"/>
  <testcase name="BanKuaiZhiDing" time="9.445" classname="com.admin.team.LunTan"/>
  <testcase name="DeleteHuiTie" time="6.257" classname="com.admin.team.LunTan"/>
  <testcase name="ChakanPartener" time="9.974" classname="com.admin.team.Parterner"/>
  <testcase name="ChakanERwm" time="3.296" classname="com.admin.team.Parterner"/>
  <testcase name="ChakanRenshi" time="13.321" classname="com.admin.team.Parterner"/>
  <testcase name="SousuoPartener" time="6.502" classname="com.admin.team.Parterner">
    <failure type="java.lang.AssertionError" message="expected [true] but found [false]">
      <![CDATA[java.lang.AssertionError: expected [true] but found [false]
	at com.admin.team.Parterner.SousuoPartener(Unknown Source)
... Removed 28 stack frames]]>
    </failure>
  </testcase> <!-- SousuoPartener -->
  <testcase name="beforeSettingsBankuai" time="13.114" classname="com.admin.team.SettingsBankuai"/>
  <testcase name="AddBankuai" time="6.548" classname="com.admin.team.SettingsBankuai"/>
  <testcase name="BianjiZibank" time="29.501" classname="com.admin.team.SettingsBankuai"/>
  <testcase name="beforeSettingsBoke" time="16.325" classname="com.admin.team.SettingsBoke"/>
  <testcase name="addLeimu" time="6.664" classname="com.admin.team.SettingsBoke"/>
  <testcase name="BianjiBoke" time="32.792" classname="com.admin.team.SettingsBoke"/>
  <testcase name="AddZileimu" time="9.794" classname="com.admin.team.SettingsBoke"/>
  <testcase name="beforeSettingsBumen" time="16.214" classname="com.admin.team.SettingsBumen"/>
  <testcase name="clickteambutton" time="22.951" classname="com.admin.team.SettingsBumen"/>
  <testcase name="DeleteBumen" time="6.248" classname="com.admin.team.SettingsBumen"/>
  <testcase name="AddBumen" time="9.753" classname="com.admin.team.SettingsBumen"/>
  <testcase name="beforeSettingsRole" time="20.304" classname="com.admin.team.SettingsRole"/>
  <testcase name="addRole" time="13.87" classname="com.admin.team.SettingsRole"/>
  <testcase name="changeRole" time="6.424" classname="com.admin.team.SettingsRole"/>
  <testcase name="OpenAddName" time="14.383" classname="com.user.waiting.WaitingtoWork"/>
  <testcase name="unfinishedWork" time="22.347" classname="com.user.waiting.WaitingtoWork"/>
  <testcase name="all" time="10.1" classname="com.user.waiting.WaitingtoWork"/>
  <testcase name="zhipai" time="16.372" classname="com.user.waiting.WaitingtoWork"/>
  <testcase name="others" time="10.064" classname="com.user.waiting.WaitingtoWork"/>
  <testcase name="me" time="10.036" classname="com.user.waiting.WaitingtoWork"/>
  <testcase name="daiding" time="9.964" classname="com.user.waiting.WaitingtoWork"/>
  <testcase name="changeFinish" time="13.385" classname="com.user.waiting.WaitingtoWork"/>
  <testcase name="changeOpen" time="13.307" classname="com.user.waiting.WaitingtoWork"/>
  <testcase name="clickworkbutton" time="6.417" classname="com.user.work.WorkingTest"/>
  <testcase name="clickbianhaobutton1" time="6.345" classname="com.user.work.WorkingTest"/>
  <testcase name="clickbianhaobutton2" time="6.373" classname="com.user.work.WorkingTest"/>
  <testcase name="clickPbutton1" time="6.339" classname="com.user.work.WorkingTest"/>
  <testcase name="clickPbutton2" time="6.398" classname="com.user.work.WorkingTest"/>
  <testcase name="clickNamebutton1" time="6.305" classname="com.user.work.WorkingTest"/>
  <testcase name="clickNamebutton2" time="6.316" classname="com.user.work.WorkingTest"/>
  <testcase name="clickQuanxbutton" time="9.642" classname="com.user.work.WorkingTest"/>
  <testcase name="unfinished" time="10.134" classname="com.user.waiting.WaitingtoWork"/>
  <testcase name="AddZiBank" time="0.0" classname="com.admin.team.SettingsBankuai">
    <ignored/>
  </testcase> <!-- AddZiBank -->
  <testcase name="ZiBumen" time="0.0" classname="com.admin.team.SettingsBumen">
    <ignored/>
  </testcase> <!-- ZiBumen -->
</testsuite> <!-- Test -->
