<?xml version="1.0" encoding="UTF-8"?>
<testng-results skipped="0" failed="0" ignored="1" total="3" passed="2">
  <reporter-output>
  </reporter-output>
  <suite name="Default suite" duration-ms="50130" started-at="2017-12-08T03:06:13Z" finished-at="2017-12-08T03:07:03Z">
    <groups>
    </groups>
    <test name="Default test" duration-ms="50130" started-at="2017-12-08T03:06:13Z" finished-at="2017-12-08T03:07:03Z">
      <class name="com.admin.team.SettingsRole">
        <test-method status="PASS" signature="doBeforeMethod()[pri:0, instance:com.admin.team.SettingsRole@55f3ddb1]" name="doBeforeMethod" is-config="true" duration-ms="7982" started-at="2017-12-08T11:06:13Z" finished-at="2017-12-08T11:06:21Z">
          <reporter-output>
          </reporter-output>
        </test-method> <!-- doBeforeMethod -->
        <test-method status="PASS" signature="startUp()[pri:0, instance:com.admin.team.SettingsRole@55f3ddb1]" name="startUp" is-config="true" duration-ms="7508" started-at="2017-12-08T11:06:21Z" finished-at="2017-12-08T11:06:28Z">
          <reporter-output>
          </reporter-output>
        </test-method> <!-- startUp -->
        <test-method status="PASS" signature="before()[pri:0, instance:com.admin.team.SettingsRole@55f3ddb1]" name="before" duration-ms="20704" started-at="2017-12-08T11:06:28Z" finished-at="2017-12-08T11:06:49Z">
          <reporter-output>
          </reporter-output>
        </test-method> <!-- before -->
        <test-method status="PASS" signature="addRole()[pri:1, instance:com.admin.team.SettingsRole@55f3ddb1]" name="addRole" duration-ms="13909" started-at="2017-12-08T11:06:49Z" depends-on-methods="com.admin.team.SettingsRole.before" finished-at="2017-12-08T11:07:03Z">
          <reporter-output>
          </reporter-output>
        </test-method> <!-- addRole -->
      </class> <!-- com.admin.team.SettingsRole -->
    </test> <!-- Default test -->
  </suite> <!-- Default suite -->
</testng-results>
